#
# There is insufficient memory for the Java Runtime Environment to continue.
# Native memory allocation (malloc) failed to allocate 262160 bytes for Chunk::new
# Possible reasons:
#   The system is out of physical RAM or swap space
#   The process is running with CompressedOops enabled, and the Java Heap may be blocking the growth of the native heap
# Possible solutions:
#   Reduce memory load on the system
#   Increase physical memory or swap space
#   Check if swap backing store is full
#   Decrease Java heap size (-Xmx/-Xms)
#   Decrease number of Java threads
#   Decrease Java thread stack sizes (-Xss)
#   Set larger code cache with -XX:ReservedCodeCacheSize=
#   JVM is running with Unscaled Compressed Oops mode in which the Java heap is
#     placed in the first 4GB address space. The Java Heap base address is the
#     maximum limit for the native heap growth. Please use -XX:HeapBaseMinAddress
#     to set the Java Heap base and to place the Java Heap above 4GB virtual address.
# This output file may be truncated or incomplete.
#
#  Out of Memory Error (allocation.cpp:389), pid=70684, tid=0x00000000000111e8
#
# JRE version: Java(TM) SE Runtime Environment (8.0_241-b07) (build 1.8.0_241-b07)
# Java VM: Java HotSpot(TM) 64-Bit Server VM (25.241-b07 mixed mode windows-amd64 compressed oops)
# Failed to write core dump. Minidumps are not enabled by default on client versions of Windows
#

---------------  T H R E A D  ---------------

Current thread (0x0000000016347800):  JavaThread "C2 CompilerThread0" daemon [_thread_in_native, id=70120, stack(0x0000000016c20000,0x0000000016d20000)]

Stack: [0x0000000016c20000,0x0000000016d20000]
[error occurred during error reporting (printing stack bounds), id 0xc0000005]

Native frames: (J=compiled Java code, j=interpreted, Vv=VM code, C=native code)


Current CompileTask:
C2:  10620 7422   !   4       lombok.core.AST::buildWithField0 (121 bytes)


---------------  P R O C E S S  ---------------

Java Threads: ( => current thread )
  0x0000000017328000 JavaThread "Cache worker for Java compile cache (D:\Cursos\Udemy\ecomerce\.gradle\6.6.1\javaCompile)" [_thread_blocked, id=76480, stack(0x00000000238b0000,0x00000000239b0000)]
  0x0000000017326000 JavaThread "Cache worker for Java compile cache (C:\Users\emanu\.gradle\caches\6.6.1\javaCompile)" [_thread_blocked, id=71296, stack(0x00000000237b0000,0x00000000238b0000)]
  0x0000000017325000 JavaThread "Cache worker for execution history cache (D:\Cursos\Udemy\ecomerce\.gradle\6.6.1\executionHistory)" [_thread_blocked, id=52712, stack(0x00000000230f0000,0x00000000231f0000)]
  0x0000000017327800 JavaThread "Execution worker for ':' Thread 7" [_thread_blocked, id=73732, stack(0x0000000022df0000,0x0000000022ef0000)]
  0x0000000017329000 JavaThread "Execution worker for ':' Thread 6" [_thread_blocked, id=72764, stack(0x0000000022cf0000,0x0000000022df0000)]
  0x0000000017324800 JavaThread "Execution worker for ':' Thread 5" [_thread_blocked, id=71440, stack(0x0000000022bf0000,0x0000000022cf0000)]
  0x0000000017329800 JavaThread "Execution worker for ':' Thread 4" [_thread_blocked, id=69636, stack(0x0000000022af0000,0x0000000022bf0000)]
  0x0000000017326800 JavaThread "Execution worker for ':' Thread 3" [_thread_blocked, id=75704, stack(0x00000000229f0000,0x0000000022af0000)]
  0x0000000017323800 JavaThread "Execution worker for ':' Thread 2" [_thread_blocked, id=75232, stack(0x00000000228f0000,0x00000000229f0000)]
  0x000000001ed28800 JavaThread "Execution worker for ':'" [_thread_in_Java, id=70132, stack(0x00000000227f0000,0x00000000228f0000)]
  0x000000001ed27800 JavaThread "Cache worker for file content cache (D:\Cursos\Udemy\ecomerce\.gradle\6.6.1\fileContent)" [_thread_blocked, id=73296, stack(0x00000000226f0000,0x00000000227f0000)]
  0x000000001ed27000 JavaThread "Memory manager" [_thread_blocked, id=74876, stack(0x0000000022390000,0x0000000022490000)]
  0x000000001ed29000 JavaThread "jar transforms Thread 8" [_thread_blocked, id=76760, stack(0x0000000022090000,0x0000000022190000)]
  0x000000001ed26000 JavaThread "jar transforms Thread 7" [_thread_blocked, id=63584, stack(0x0000000021f90000,0x0000000022090000)]
  0x000000001ed25800 JavaThread "jar transforms Thread 6" [_thread_blocked, id=75300, stack(0x0000000021e90000,0x0000000021f90000)]
  0x000000001ed24800 JavaThread "jar transforms Thread 5" [_thread_blocked, id=75296, stack(0x0000000021d90000,0x0000000021e90000)]
  0x000000001ed24000 JavaThread "jar transforms Thread 4" [_thread_blocked, id=75468, stack(0x0000000021c90000,0x0000000021d90000)]
  0x000000001ed1c800 JavaThread "jar transforms Thread 3" [_thread_blocked, id=72320, stack(0x0000000021b90000,0x0000000021c90000)]
  0x000000001ed23000 JavaThread "jar transforms Thread 2" [_thread_blocked, id=74208, stack(0x0000000021a90000,0x0000000021b90000)]
  0x000000001ed22800 JavaThread "Build operations Thread 8" [_thread_blocked, id=75652, stack(0x0000000021990000,0x0000000021a90000)]
  0x000000001ed1e000 JavaThread "Build operations Thread 7" [_thread_blocked, id=75328, stack(0x0000000021890000,0x0000000021990000)]
  0x000000001ed1b000 JavaThread "Build operations Thread 6" [_thread_blocked, id=60600, stack(0x0000000021790000,0x0000000021890000)]
  0x000000001ed1d000 JavaThread "Build operations Thread 5" [_thread_blocked, id=70284, stack(0x0000000021690000,0x0000000021790000)]
  0x000000001ed21800 JavaThread "Build operations Thread 4" [_thread_blocked, id=73872, stack(0x0000000021590000,0x0000000021690000)]
  0x000000001ed21000 JavaThread "Build operations Thread 3" [_thread_blocked, id=76032, stack(0x00000000211e0000,0x00000000212e0000)]
  0x000000001ed1a000 JavaThread "Build operations Thread 2" [_thread_blocked, id=70424, stack(0x0000000020f40000,0x0000000021040000)]
  0x000000001ed20000 JavaThread "Build operations" [_thread_blocked, id=74488, stack(0x00000000209d0000,0x0000000020ad0000)]
  0x000000001ed1b800 JavaThread "Cache worker for Build Output Cleanup Cache (D:\Cursos\Udemy\ecomerce\.gradle\buildOutputCleanup)" [_thread_blocked, id=72956, stack(0x00000000210e0000,0x00000000211e0000)]
  0x000000001ed1e800 JavaThread "Cache worker for file content cache (C:\Users\emanu\.gradle\caches\6.6.1\fileContent)" [_thread_blocked, id=64920, stack(0x00000000206d0000,0x00000000207d0000)]
  0x0000000018f35800 JavaThread "jar transforms" [_thread_blocked, id=76304, stack(0x000000001ef50000,0x000000001f050000)]
  0x0000000018f34000 JavaThread "Cache worker for execution history cache (C:\Users\emanu\.gradle\caches\6.6.1\executionHistory)" [_thread_blocked, id=70180, stack(0x000000001dc00000,0x000000001dd00000)]
  0x0000000018f2f800 JavaThread "Cache worker for cache directory md-rule (C:\Users\emanu\.gradle\caches\6.6.1\md-rule)" [_thread_blocked, id=15456, stack(0x000000001db00000,0x000000001dc00000)]
  0x0000000018f33000 JavaThread "Cache worker for cache directory md-supplier (C:\Users\emanu\.gradle\caches\6.6.1\md-supplier)" [_thread_blocked, id=70360, stack(0x000000001da00000,0x000000001db00000)]
  0x0000000018f31800 JavaThread "Cache worker for checksums cache (D:\Cursos\Udemy\ecomerce\.gradle\checksums)" [_thread_blocked, id=75304, stack(0x000000001d700000,0x000000001d800000)]
  0x0000000018f34800 JavaThread "Cache worker for file hash cache (D:\Cursos\Udemy\ecomerce\.gradle\6.6.1\fileHashes)" [_thread_blocked, id=71772, stack(0x000000001d600000,0x000000001d700000)]
  0x0000000018f31000 JavaThread "Cache worker for journal cache (C:\Users\emanu\.gradle\caches\journal-1)" [_thread_blocked, id=16780, stack(0x000000001c330000,0x000000001c430000)]
  0x0000000018f32800 JavaThread "File lock request listener" [_thread_in_native, id=74000, stack(0x000000001b260000,0x000000001b360000)]
  0x0000000018f30000 JavaThread "Cache worker for file hash cache (C:\Users\emanu\.gradle\caches\6.6.1\fileHashes)" [_thread_blocked, id=72180, stack(0x000000001b160000,0x000000001b260000)]
  0x0000000018e3f000 JavaThread "Thread-9" [_thread_blocked, id=76280, stack(0x000000001ae60000,0x000000001af60000)]
  0x0000000018f06000 JavaThread "Stdin handler" [_thread_blocked, id=76332, stack(0x000000001ad60000,0x000000001ae60000)]
  0x0000000018f03800 JavaThread "Asynchronous log dispatcher for DefaultDaemonConnection: socket connection from /127.0.0.1:56963 to /127.0.0.1:56964" [_thread_blocked, id=75936, stack(0x000000001ac60000,0x000000001ad60000)]
  0x0000000018e49800 JavaThread "Daemon worker" [_thread_blocked, id=74872, stack(0x000000001ab60000,0x000000001ac60000)]
  0x0000000018e49000 JavaThread "Cancel handler" [_thread_blocked, id=64884, stack(0x000000001a960000,0x000000001aa60000)]
  0x0000000018dfd800 JavaThread "Handler for socket connection from /127.0.0.1:56963 to /127.0.0.1:56964" [_thread_in_native, id=74084, stack(0x000000001a860000,0x000000001a960000)]
  0x0000000018df6800 JavaThread "Daemon" [_thread_blocked, id=75668, stack(0x000000001a760000,0x000000001a860000)]
  0x0000000018e19000 JavaThread "Daemon periodic checks" [_thread_blocked, id=72028, stack(0x000000001a460000,0x000000001a560000)]
  0x0000000018d5f000 JavaThread "Incoming local TCP Connector on port 56963" [_thread_in_native, id=75560, stack(0x000000001a200000,0x000000001a300000)]
  0x0000000018c89000 JavaThread "Daemon health stats" [_thread_blocked, id=73484, stack(0x00000000199c0000,0x0000000019ac0000)]
  0x00000000163dc000 JavaThread "Service Thread" daemon [_thread_blocked, id=76232, stack(0x0000000017020000,0x0000000017120000)]
  0x000000001634e800 JavaThread "C1 CompilerThread3" daemon [_thread_blocked, id=74228, stack(0x0000000016f20000,0x0000000017020000)]
  0x000000001634a000 JavaThread "C2 CompilerThread2" daemon [_thread_in_native, id=74248, stack(0x0000000016e20000,0x0000000016f20000)]
  0x0000000016349800 JavaThread "C2 CompilerThread1" daemon [_thread_in_native, id=74608, stack(0x0000000016d20000,0x0000000016e20000)]
=>0x0000000016347800 JavaThread "C2 CompilerThread0" daemon [_thread_in_native, id=70120, stack(0x0000000016c20000,0x0000000016d20000)]
  0x0000000016340000 JavaThread "Attach Listener" daemon [_thread_blocked, id=73828, stack(0x0000000016b20000,0x0000000016c20000)]
  0x000000001633f000 JavaThread "Signal Dispatcher" daemon [_thread_blocked, id=72052, stack(0x0000000016a20000,0x0000000016b20000)]
  0x0000000016330800 JavaThread "Finalizer" daemon [_thread_blocked, id=72544, stack(0x0000000016810000,0x0000000016910000)]
  0x000000001452c800 JavaThread "Reference Handler" daemon [_thread_blocked, id=56460, stack(0x0000000016710000,0x0000000016810000)]
  0x0000000002bc2800 JavaThread "main" [_thread_blocked, id=74784, stack(0x0000000002ac0000,0x0000000002bc0000)]

Other Threads:
  0x0000000014529000 VMThread [stack: 0x0000000016210000,0x0000000016310000] [id=76764]
  0x00000000163f6800 WatcherThread [stack: 0x0000000017120000,0x0000000017220000] [id=75116]

VM state:not at safepoint (normal execution)

VM Mutex/Monitor currently owned by a thread:  ([mutex/lock_event])
[0x0000000002bc08d0] MethodCompileQueue_lock - owner thread: 0x0000000000000000

heap address: 0x00000000e0000000, size: 512 MB, Compressed Oops mode: 32-bit
Narrow klass base: 0x0000000000000000, Narrow klass shift: 3
Compressed class space size: 1073741824 Address: 0x0000000100000000

Heap:
 PSYoungGen      total 152064K, used 140902K [0x00000000f5580000, 0x0000000100000000, 0x0000000100000000)
  eden space 129536K, 91% used [0x00000000f5580000,0x00000000fc91ccb8,0x00000000fd400000)
  from space 22528K, 99% used [0x00000000fd400000,0x00000000fe9fcc40,0x00000000fea00000)
  to   space 22528K, 0% used [0x00000000fea00000,0x00000000fea00000,0x0000000100000000)
 ParOldGen       total 180736K, used 32482K [0x00000000e0000000, 0x00000000eb080000, 0x00000000f5580000)
  object space 180736K, 17% used [0x00000000e0000000,0x00000000e1fb8810,0x00000000eb080000)
 Metaspace       used 54078K, capacity 57184K, committed 57472K, reserved 1097728K
  class space    used 7596K, capacity 8194K, committed 8320K, reserved 1048576K

Card table byte_map: [0x0000000012080000,0x0000000012190000] byte_map_base: 0x0000000011980000

Marking Bits: (ParMarkBitMap*) 0x000000006012be30
 Begin Bits: [0x0000000012a40000, 0x0000000013240000)
 End Bits:   [0x0000000013240000, 0x0000000013a40000)

Polling page: 0x0000000000df0000

CodeCache: size=245760Kb used=22896Kb max_used=22896Kb free=222863Kb
 bounds [0x0000000002cc0000, 0x0000000004330000, 0x0000000011cc0000]
 total_blobs=7567 nmethods=6802 adapters=675
 compilation: enabled

Compilation events (10 events):
Event: 10.615 Thread 0x000000001634e800 7447       3       com.sun.tools.javac.tree.TreeScanner::visitApply (25 bytes)
Event: 10.616 Thread 0x000000001634e800 nmethod 7447 0x000000000432ae50 code [0x000000000432b040, 0x000000000432bbe8]
Event: 10.616 Thread 0x000000001634e800 7448       3       com.sun.tools.javac.tree.TreeScanner::visitVarDef (33 bytes)
Event: 10.616 Thread 0x000000001634e800 nmethod 7448 0x000000000432bf50 code [0x000000000432c0e0, 0x000000000432c558]
Event: 10.616 Thread 0x000000001634e800 7449       3       com.sun.tools.javac.tree.JCTree$JCPrimitiveTypeTree::accept (6 bytes)
Event: 10.616 Thread 0x000000001634e800 nmethod 7449 0x000000000432c690 code [0x000000000432c800, 0x000000000432ca28]
Event: 10.616 Thread 0x000000001634e800 7450       3       com.sun.tools.javac.comp.Enter::visitTree (6 bytes)
Event: 10.616 Thread 0x000000001634e800 nmethod 7450 0x000000000432cb10 code [0x000000000432cc60, 0x000000000432cdd0]
Event: 10.617 Thread 0x000000001634e800 7451       3       com.sun.tools.javac.comp.Env::<init> (45 bytes)
Event: 10.617 Thread 0x000000001634e800 nmethod 7451 0x000000000432ce50 code [0x000000000432cfa0, 0x000000000432d1d0]

GC Heap History (10 events):
Event: 4.168 GC heap before
{Heap before GC invocations=7 (full 2):
 PSYoungGen      total 160768K, used 7290K [0x00000000f5580000, 0x0000000100000000, 0x0000000100000000)
  eden space 153088K, 0% used [0x00000000f5580000,0x00000000f5580000,0x00000000feb00000)
  from space 7680K, 94% used [0x00000000feb00000,0x00000000ff21e8d8,0x00000000ff280000)
  to   space 13824K, 0% used [0x00000000ff280000,0x00000000ff280000,0x0000000100000000)
 ParOldGen       total 175104K, used 15883K [0x00000000e0000000, 0x00000000eab00000, 0x00000000f5580000)
  object space 175104K, 9% used [0x00000000e0000000,0x00000000e0f82c58,0x00000000eab00000)
 Metaspace       used 34281K, capacity 35412K, committed 35496K, reserved 1079296K
  class space    used 4799K, capacity 5046K, committed 5120K, reserved 1048576K
Event: 4.236 GC heap after
Heap after GC invocations=7 (full 2):
 PSYoungGen      total 160768K, used 0K [0x00000000f5580000, 0x0000000100000000, 0x0000000100000000)
  eden space 153088K, 0% used [0x00000000f5580000,0x00000000f5580000,0x00000000feb00000)
  from space 7680K, 0% used [0x00000000feb00000,0x00000000feb00000,0x00000000ff280000)
  to   space 13824K, 0% used [0x00000000ff280000,0x00000000ff280000,0x0000000100000000)
 ParOldGen       total 180736K, used 13941K [0x00000000e0000000, 0x00000000eb080000, 0x00000000f5580000)
  object space 180736K, 7% used [0x00000000e0000000,0x00000000e0d9d440,0x00000000eb080000)
 Metaspace       used 34281K, capacity 35412K, committed 35496K, reserved 1079296K
  class space    used 4799K, capacity 5046K, committed 5120K, reserved 1048576K
}
Event: 5.452 GC heap before
{Heap before GC invocations=8 (full 2):
 PSYoungGen      total 160768K, used 153088K [0x00000000f5580000, 0x0000000100000000, 0x0000000100000000)
  eden space 153088K, 100% used [0x00000000f5580000,0x00000000feb00000,0x00000000feb00000)
  from space 7680K, 0% used [0x00000000feb00000,0x00000000feb00000,0x00000000ff280000)
  to   space 13824K, 0% used [0x00000000ff280000,0x00000000ff280000,0x0000000100000000)
 ParOldGen       total 180736K, used 13941K [0x00000000e0000000, 0x00000000eb080000, 0x00000000f5580000)
  object space 180736K, 7% used [0x00000000e0000000,0x00000000e0d9d440,0x00000000eb080000)
 Metaspace       used 41117K, capacity 43206K, committed 43264K, reserved 1085440K
  class space    used 5935K, capacity 6354K, committed 6400K, reserved 1048576K
Event: 5.461 GC heap after
Heap after GC invocations=8 (full 2):
 PSYoungGen      total 154624K, used 11726K [0x00000000f5580000, 0x0000000100000000, 0x0000000100000000)
  eden space 140800K, 0% used [0x00000000f5580000,0x00000000f5580000,0x00000000fdf00000)
  from space 13824K, 84% used [0x00000000ff280000,0x00000000ffdf3ab0,0x0000000100000000)
  to   space 16896K, 0% used [0x00000000fdf00000,0x00000000fdf00000,0x00000000fef80000)
 ParOldGen       total 180736K, used 13949K [0x00000000e0000000, 0x00000000eb080000, 0x00000000f5580000)
  object space 180736K, 7% used [0x00000000e0000000,0x00000000e0d9f440,0x00000000eb080000)
 Metaspace       used 41117K, capacity 43206K, committed 43264K, reserved 1085440K
  class space    used 5935K, capacity 6354K, committed 6400K, reserved 1048576K
}
Event: 6.650 GC heap before
{Heap before GC invocations=9 (full 2):
 PSYoungGen      total 154624K, used 152526K [0x00000000f5580000, 0x0000000100000000, 0x0000000100000000)
  eden space 140800K, 100% used [0x00000000f5580000,0x00000000fdf00000,0x00000000fdf00000)
  from space 13824K, 84% used [0x00000000ff280000,0x00000000ffdf3ab0,0x0000000100000000)
  to   space 16896K, 0% used [0x00000000fdf00000,0x00000000fdf00000,0x00000000fef80000)
 ParOldGen       total 180736K, used 13949K [0x00000000e0000000, 0x00000000eb080000, 0x00000000f5580000)
  object space 180736K, 7% used [0x00000000e0000000,0x00000000e0d9f440,0x00000000eb080000)
 Metaspace       used 45815K, capacity 48360K, committed 48640K, reserved 1091584K
  class space    used 6577K, capacity 7056K, committed 7168K, reserved 1048576K
Event: 6.672 GC heap after
Heap after GC invocations=9 (full 2):
 PSYoungGen      total 157696K, used 16881K [0x00000000f5580000, 0x0000000100000000, 0x0000000100000000)
  eden space 140800K, 0% used [0x00000000f5580000,0x00000000f5580000,0x00000000fdf00000)
  from space 16896K, 99% used [0x00000000fdf00000,0x00000000fef7c718,0x00000000fef80000)
  to   space 16896K, 0% used [0x00000000fef80000,0x00000000fef80000,0x0000000100000000)
 ParOldGen       total 180736K, used 15060K [0x00000000e0000000, 0x00000000eb080000, 0x00000000f5580000)
  object space 180736K, 8% used [0x00000000e0000000,0x00000000e0eb52a0,0x00000000eb080000)
 Metaspace       used 45815K, capacity 48360K, committed 48640K, reserved 1091584K
  class space    used 6577K, capacity 7056K, committed 7168K, reserved 1048576K
}
Event: 7.390 GC heap before
{Heap before GC invocations=10 (full 2):
 PSYoungGen      total 157696K, used 157681K [0x00000000f5580000, 0x0000000100000000, 0x0000000100000000)
  eden space 140800K, 100% used [0x00000000f5580000,0x00000000fdf00000,0x00000000fdf00000)
  from space 16896K, 99% used [0x00000000fdf00000,0x00000000fef7c718,0x00000000fef80000)
  to   space 16896K, 0% used [0x00000000fef80000,0x00000000fef80000,0x0000000100000000)
 ParOldGen       total 180736K, used 15060K [0x00000000e0000000, 0x00000000eb080000, 0x00000000f5580000)
  object space 180736K, 8% used [0x00000000e0000000,0x00000000e0eb52a0,0x00000000eb080000)
 Metaspace       used 46209K, capacity 48730K, committed 48896K, reserved 1091584K
  class space    used 6584K, capacity 7063K, committed 7168K, reserved 1048576K
Event: 7.409 GC heap after
Heap after GC invocations=10 (full 2):
 PSYoungGen      total 146432K, used 16880K [0x00000000f5580000, 0x0000000100000000, 0x0000000100000000)
  eden space 129536K, 0% used [0x00000000f5580000,0x00000000f5580000,0x00000000fd400000)
  from space 16896K, 99% used [0x00000000fef80000,0x00000000ffffc040,0x0000000100000000)
  to   space 22528K, 0% used [0x00000000fd400000,0x00000000fd400000,0x00000000fea00000)
 ParOldGen       total 180736K, used 18124K [0x00000000e0000000, 0x00000000eb080000, 0x00000000f5580000)
  object space 180736K, 10% used [0x00000000e0000000,0x00000000e11b3120,0x00000000eb080000)
 Metaspace       used 46209K, capacity 48730K, committed 48896K, reserved 1091584K
  class space    used 6584K, capacity 7063K, committed 7168K, reserved 1048576K
}
Event: 8.878 GC heap before
{Heap before GC invocations=11 (full 2):
 PSYoungGen      total 146432K, used 146371K [0x00000000f5580000, 0x0000000100000000, 0x0000000100000000)
  eden space 129536K, 99% used [0x00000000f5580000,0x00000000fd3f4d20,0x00000000fd400000)
  from space 16896K, 99% used [0x00000000fef80000,0x00000000ffffc040,0x0000000100000000)
  to   space 22528K, 0% used [0x00000000fd400000,0x00000000fd400000,0x00000000fea00000)
 ParOldGen       total 180736K, used 18124K [0x00000000e0000000, 0x00000000eb080000, 0x00000000f5580000)
  object space 180736K, 10% used [0x00000000e0000000,0x00000000e11b3120,0x00000000eb080000)
 Metaspace       used 51276K, capacity 54248K, committed 54528K, reserved 1095680K
  class space    used 7310K, capacity 7849K, committed 7936K, reserved 1048576K
Event: 8.898 GC heap after
Heap after GC invocations=11 (full 2):
 PSYoungGen      total 152064K, used 22515K [0x00000000f5580000, 0x0000000100000000, 0x0000000100000000)
  eden space 129536K, 0% used [0x00000000f5580000,0x00000000f5580000,0x00000000fd400000)
  from space 22528K, 99% used [0x00000000fd400000,0x00000000fe9fcc40,0x00000000fea00000)
  to   space 22528K, 0% used [0x00000000fea00000,0x00000000fea00000,0x0000000100000000)
 ParOldGen       total 180736K, used 32482K [0x00000000e0000000, 0x00000000eb080000, 0x00000000f5580000)
  object space 180736K, 17% used [0x00000000e0000000,0x00000000e1fb8810,0x00000000eb080000)
 Metaspace       used 51276K, capacity 54248K, committed 54528K, reserved 1095680K
  class space    used 7310K, capacity 7849K, committed 7936K, reserved 1048576K
}

Deoptimization events (10 events):
Event: 10.013 Thread 0x000000001ed28800 Uncommon trap: reason=null_check action=maybe_recompile pc=0x000000000342bc30 method=java.util.regex.Matcher.getTextLength()I @ 4
Event: 10.126 Thread 0x000000001ed28800 Uncommon trap: reason=bimorphic action=maybe_recompile pc=0x000000000321c5bc method=java.util.regex.Pattern$Slice.match(Ljava/util/regex/Matcher;ILjava/lang/CharSequence;)Z @ 75
Event: 10.126 Thread 0x000000001ed28800 Uncommon trap: reason=bimorphic action=maybe_recompile pc=0x000000000321c5bc method=java.util.regex.Pattern$Slice.match(Ljava/util/regex/Matcher;ILjava/lang/CharSequence;)Z @ 75
Event: 10.126 Thread 0x000000001ed28800 Uncommon trap: reason=bimorphic action=maybe_recompile pc=0x000000000321c5bc method=java.util.regex.Pattern$Slice.match(Ljava/util/regex/Matcher;ILjava/lang/CharSequence;)Z @ 75
Event: 10.126 Thread 0x000000001ed28800 Uncommon trap: reason=bimorphic action=maybe_recompile pc=0x000000000321c5bc method=java.util.regex.Pattern$Slice.match(Ljava/util/regex/Matcher;ILjava/lang/CharSequence;)Z @ 75
Event: 10.596 Thread 0x000000001ed28800 Uncommon trap: reason=bimorphic action=maybe_recompile pc=0x000000000425c020 method=lombok.javac.JavacNode.traverse(Llombok/javac/JavacASTVisitor;)V @ 73
Event: 10.596 Thread 0x000000001ed28800 Uncommon trap: reason=bimorphic action=maybe_recompile pc=0x000000000425c014 method=lombok.javac.JavacNode.traverse(Llombok/javac/JavacASTVisitor;)V @ 113
Event: 10.596 Thread 0x000000001ed28800 Uncommon trap: reason=bimorphic action=maybe_recompile pc=0x000000000425bd04 method=lombok.javac.JavacNode.traverse(Llombok/javac/JavacASTVisitor;)V @ 490
Event: 10.599 Thread 0x000000001ed28800 Uncommon trap: reason=bimorphic action=maybe_recompile pc=0x000000000425bd04 method=lombok.javac.JavacNode.traverse(Llombok/javac/JavacASTVisitor;)V @ 490
Event: 10.611 Thread 0x000000001ed28800 Uncommon trap: reason=unstable_if action=reinterpret pc=0x0000000002fc2864 method=java.util.HashMap.hash(Ljava/lang/Object;)I @ 1

Classes redefined (0 events):
No events

Internal exceptions (10 events):
Event: 9.075 Thread 0x000000001ed28800 Exception <a 'java/io/FileNotFoundException'> (0x00000000f6bcdcb0) thrown at [C:\ade\jenkins\workspace\8-2-build-windows-amd64-cygwin\jdk8u241\331\hotspot\src\share\vm\prims\jni.cpp, line 710]
Event: 10.006 Thread 0x000000001ed28800 Implicit null exception at 0x0000000002ef2264 to 0x0000000002ef25ad
Event: 10.010 Thread 0x000000001ed28800 Implicit null exception at 0x0000000002ef2264 to 0x0000000002ef25ad
Event: 10.012 Thread 0x000000001ed28800 Implicit null exception at 0x0000000002ef2264 to 0x0000000002ef25ad
Event: 10.013 Thread 0x000000001ed28800 Implicit null exception at 0x000000000342b9c7 to 0x000000000342bc25
Event: 10.020 Thread 0x000000001ed28800 Implicit null exception at 0x0000000002ef6e21 to 0x0000000002ef6ee7
Event: 10.020 Thread 0x000000001ed28800 Exception <a 'java/lang/NullPointerException'> (0x00000000fa2e7bb0) thrown at [C:\ade\jenkins\workspace\8-2-build-windows-amd64-cygwin\jdk8u241\331\hotspot\src\share\vm\runtime\sharedRuntime.cpp, line 605]
Event: 10.024 Thread 0x000000001ed28800 Implicit null exception at 0x0000000002ef6e21 to 0x0000000002ef6ee7
Event: 10.025 Thread 0x000000001ed28800 Exception <a 'java/lang/NullPointerException'> (0x00000000fa31f3e8) thrown at [C:\ade\jenkins\workspace\8-2-build-windows-amd64-cygwin\jdk8u241\331\hotspot\src\share\vm\runtime\sharedRuntime.cpp, line 605]
Event: 10.611 Thread 0x000000001ed28800 Implicit null exception at 0x0000000002fc26dd to 0x0000000002fc2849

Events (10 events):
Event: 10.596 Thread 0x000000001ed28800 DEOPT UNPACKING pc=0x0000000002d0583b sp=0x00000000228ea090 mode 2
Event: 10.596 Thread 0x000000001ed28800 Uncommon trap: trap_request=0xffffffc6 fr.pc=0x000000000425bd04
Event: 10.597 Thread 0x000000001ed28800 DEOPT PACKING pc=0x000000000425bd04 sp=0x00000000228ea020
Event: 10.597 Thread 0x000000001ed28800 DEOPT UNPACKING pc=0x0000000002d0583b sp=0x00000000228e9fa8 mode 2
Event: 10.597 Thread 0x000000001ed28800 Uncommon trap: trap_request=0xffffffc6 fr.pc=0x000000000425bd04
Event: 10.599 Thread 0x000000001ed28800 DEOPT PACKING pc=0x000000000425bd04 sp=0x00000000228ea020
Event: 10.599 Thread 0x000000001ed28800 DEOPT UNPACKING pc=0x0000000002d0583b sp=0x00000000228e9fa8 mode 2
Event: 10.611 Thread 0x000000001ed28800 Uncommon trap: trap_request=0xffffff65 fr.pc=0x0000000002fc2864
Event: 10.613 Thread 0x000000001ed28800 DEOPT PACKING pc=0x0000000002fc2864 sp=0x00000000228ea360
Event: 10.613 Thread 0x000000001ed28800 DEOPT UNPACKING pc=0x0000000002d0583b sp=0x00000000228ea248 mode 2


Dynamic libraries:
0x00007ff6e2ca0000 - 0x00007ff6e2cd7000 	C:\Program Files\Java\jdk1.8.0_241\bin\java.exe
0x00007fff46660000 - 0x00007fff46850000 	C:\Windows\SYSTEM32\ntdll.dll
0x00007fff45ea0000 - 0x00007fff45f52000 	C:\Windows\System32\KERNEL32.DLL
0x00007fff44010000 - 0x00007fff442b5000 	C:\Windows\System32\KERNELBASE.dll
0x00007fff45340000 - 0x00007fff453e3000 	C:\Windows\System32\ADVAPI32.dll
0x00007fff448d0000 - 0x00007fff4496e000 	C:\Windows\System32\msvcrt.dll
0x00007fff45470000 - 0x00007fff45507000 	C:\Windows\System32\sechost.dll
0x00007fff459d0000 - 0x00007fff45af0000 	C:\Windows\System32\RPCRT4.dll
0x00007fff451a0000 - 0x00007fff45334000 	C:\Windows\System32\USER32.dll
0x00007fff435f0000 - 0x00007fff43611000 	C:\Windows\System32\win32u.dll
0x00007fff45510000 - 0x00007fff45536000 	C:\Windows\System32\GDI32.dll
0x00007fff44450000 - 0x00007fff445e6000 	C:\Windows\System32\gdi32full.dll
0x00007fff44670000 - 0x00007fff4470e000 	C:\Windows\System32\msvcp_win.dll
0x00007fff442c0000 - 0x00007fff443ba000 	C:\Windows\System32\ucrtbase.dll
0x00007fff32a50000 - 0x00007fff32cd4000 	C:\Windows\WinSxS\amd64_microsoft.windows.common-controls_6595b64144ccf1df_6.0.18362.1139_none_9e7bf2d3e4605ac6\COMCTL32.dll
0x00007fff45b60000 - 0x00007fff45e95000 	C:\Windows\System32\combase.dll
0x00007fff445f0000 - 0x00007fff44670000 	C:\Windows\System32\bcryptPrimitives.dll
0x00007fff45170000 - 0x00007fff4519e000 	C:\Windows\System32\IMM32.DLL
0x00000000601b0000 - 0x0000000060282000 	C:\Program Files\Java\jdk1.8.0_241\jre\bin\msvcr100.dll
0x000000005f900000 - 0x00000000601ac000 	C:\Program Files\Java\jdk1.8.0_241\jre\bin\server\jvm.dll
0x00007fff463e0000 - 0x00007fff463e8000 	C:\Windows\System32\PSAPI.DLL
0x00007fff31440000 - 0x00007fff31464000 	C:\Windows\SYSTEM32\WINMM.dll
0x00007fff39d20000 - 0x00007fff39d2a000 	C:\Windows\SYSTEM32\VERSION.dll
0x00007fff2eb50000 - 0x00007fff2eb59000 	C:\Windows\SYSTEM32\WSOCK32.dll
0x00007fff453f0000 - 0x00007fff4545f000 	C:\Windows\System32\WS2_32.dll
0x00007fff312e0000 - 0x00007fff3130d000 	C:\Windows\SYSTEM32\winmmbase.dll
0x00007fff43620000 - 0x00007fff4366a000 	C:\Windows\System32\cfgmgr32.dll
0x00007fff365e0000 - 0x00007fff365ef000 	C:\Program Files\Java\jdk1.8.0_241\jre\bin\verify.dll
0x00007fff34200000 - 0x00007fff34229000 	C:\Program Files\Java\jdk1.8.0_241\jre\bin\java.dll
0x00007fff342a0000 - 0x00007fff342b6000 	C:\Program Files\Java\jdk1.8.0_241\jre\bin\zip.dll
0x00007fff44a80000 - 0x00007fff45167000 	C:\Windows\System32\SHELL32.dll
0x00007fff44970000 - 0x00007fff44a19000 	C:\Windows\System32\shcore.dll
0x00007fff437c0000 - 0x00007fff43f40000 	C:\Windows\System32\windows.storage.dll
0x00007fff43530000 - 0x00007fff43553000 	C:\Windows\System32\profapi.dll
0x00007fff435a0000 - 0x00007fff435ea000 	C:\Windows\System32\powrprof.dll
0x00007fff43520000 - 0x00007fff43530000 	C:\Windows\System32\UMPDC.dll
0x00007fff44860000 - 0x00007fff448b2000 	C:\Windows\System32\shlwapi.dll
0x00007fff43580000 - 0x00007fff43591000 	C:\Windows\System32\kernel.appcore.dll
0x00007fff43f40000 - 0x00007fff43f57000 	C:\Windows\System32\cryptsp.dll
0x00007fff34020000 - 0x00007fff3403a000 	C:\Program Files\Java\jdk1.8.0_241\jre\bin\net.dll
0x00007fff42d70000 - 0x00007fff42dd7000 	C:\Windows\system32\mswsock.dll
0x00007fff34000000 - 0x00007fff34012000 	C:\Program Files\Java\jdk1.8.0_241\jre\bin\nio.dll
0x00007fff39550000 - 0x00007fff39577000 	C:\Users\emanu\.gradle\native\9f2fa17c089eee584f3420100432f77ec4c098959e4bf121a4d6054c26537dfb\windows-amd64\native-platform.dll
0x00007fff39a30000 - 0x00007fff39a3d000 	C:\Program Files\Java\jdk1.8.0_241\jre\bin\management.dll
0x00007fff428e0000 - 0x00007fff42913000 	C:\Windows\system32\rsaenh.dll
0x00007fff443c0000 - 0x00007fff443e6000 	C:\Windows\System32\bcrypt.dll
0x00007fff43440000 - 0x00007fff43465000 	C:\Windows\SYSTEM32\USERENV.dll
0x00007fff42f40000 - 0x00007fff42f4c000 	C:\Windows\SYSTEM32\CRYPTBASE.dll
0x00007fff42a80000 - 0x00007fff42aba000 	C:\Windows\SYSTEM32\IPHLPAPI.DLL
0x00007fff448c0000 - 0x00007fff448c8000 	C:\Windows\System32\NSI.dll
0x00007fff39300000 - 0x00007fff39316000 	C:\Windows\SYSTEM32\dhcpcsvc6.DLL
0x00007fff392e0000 - 0x00007fff392fc000 	C:\Windows\SYSTEM32\dhcpcsvc.DLL
0x00007fff42ac0000 - 0x00007fff42b8b000 	C:\Windows\SYSTEM32\DNSAPI.dll
0x00007fff3bc20000 - 0x00007fff3bc2b000 	C:\Windows\SYSTEM32\WINNSI.DLL
0x00007fff0bfc0000 - 0x00007fff0c156000 	C:\Users\emanu\.gradle\native\9f2fa17c089eee584f3420100432f77ec4c098959e4bf121a4d6054c26537dfb\windows-amd64\native-platform-file-events.dll

VM Arguments:
jvm_args: -XX:MaxMetaspaceSize=256m -XX:+HeapDumpOnOutOfMemoryError -Xms256m -Xmx512m -Dfile.encoding=windows-1252 -Duser.country=BR -Duser.language=pt -Duser.variant 
java_command: org.gradle.launcher.daemon.bootstrap.GradleDaemon 6.6.1
java_class_path (initial): C:\Users\emanu\.gradle\wrapper\dists\gradle-6.6.1-bin\du4tvj86lhti6iga1v8h7pckb\gradle-6.6.1\lib\gradle-launcher-6.6.1.jar
Launcher Type: SUN_STANDARD

Environment Variables:
JAVA_HOME=C:\Program Files\Java\jdk1.8.0_241\
PATH=C:\app\emanu\product\18.0.0\dbhomeXE\bin;C:\Program Files (x86)\Common Files\Oracle\Java\javapath;C:\Windows\system32;C:\Windows;C:\Windows\System32\Wbem;C:\Windows\System32\WindowsPowerShell\v1.0\;C:\Windows\System32\OpenSSH\;C:\Program Files (x86)\Intel\Intel(R) Management Engine Components\DAL;C:\Program Files\Intel\Intel(R) Management Engine Components\DAL;C:\Program Files (x86)\NVIDIA Corporation\PhysX\Common;C:\Program Files\NVIDIA Corporation\NVIDIA NvDLISR;C:\Program Files\Microsoft VS Code\bin;C:\Program Files\Git\cmd;D:\OPAH\util\apache-maven-3.6.3\bin;C:\Program Files\Java\jdk1.8.0_241\bin;C:\Program Files\MongoDB\Server\4.2\bin;C:\Program Files\nodejs\;C:\Program Files\PuTTY\;C:\Users\emanu\AppData\Local\Microsoft\WindowsApps;D:\OPAH\util\apache-maven-3.6.3\apache-maven\src\bin;C:\Users\emanu\AppData\Roaming\npm;
USERNAME=emanu
OS=Windows_NT
PROCESSOR_IDENTIFIER=Intel64 Family 6 Model 142 Stepping 12, GenuineIntel



---------------  S Y S T E M  ---------------

OS: Windows 10.0 , 64 bit Build 18362 (10.0.18362.1110)

CPU:total 8 (initial active 8) (4 cores per cpu, 2 threads per core) family 6 model 142 stepping 12, cmov, cx8, fxsr, mmx, sse, sse2, sse3, ssse3, sse4.1, sse4.2, popcnt, avx, avx2, aes, clmul, erms, 3dnowpref, lzcnt, ht, tsc, tscinvbit, bmi1, bmi2, adx

Memory: 4k page, physical 16580004k(2963704k free), swap 30114080k(8156k free)

vm_info: Java HotSpot(TM) 64-Bit Server VM (25.241-b07) for windows-amd64 JRE (1.8.0_241-b07), built on Dec 11 2019 10:21:40 by "rejava" with MS VC++ 10.0 (VS2010)

time: Tue Oct 20 20:03:11 2020
timezone: Hora Padrão da Bahia
elapsed time: 10 seconds (0d 0h 0m 10s)

