#
# There is insufficient memory for the Java Runtime Environment to continue.
# Native memory allocation (malloc) failed to allocate 783216 bytes for Chunk::new
# Possible reasons:
#   The system is out of physical RAM or swap space
#   The process is running with CompressedOops enabled, and the Java Heap may be blocking the growth of the native heap
# Possible solutions:
#   Reduce memory load on the system
#   Increase physical memory or swap space
#   Check if swap backing store is full
#   Decrease Java heap size (-Xmx/-Xms)
#   Decrease number of Java threads
#   Decrease Java thread stack sizes (-Xss)
#   Set larger code cache with -XX:ReservedCodeCacheSize=
#   JVM is running with Unscaled Compressed Oops mode in which the Java heap is
#     placed in the first 4GB address space. The Java Heap base address is the
#     maximum limit for the native heap growth. Please use -XX:HeapBaseMinAddress
#     to set the Java Heap base and to place the Java Heap above 4GB virtual address.
# This output file may be truncated or incomplete.
#
#  Out of Memory Error (allocation.cpp:389), pid=55712, tid=0x00000000000120a0
#
# JRE version: Java(TM) SE Runtime Environment (8.0_241-b07) (build 1.8.0_241-b07)
# Java VM: Java HotSpot(TM) 64-Bit Server VM (25.241-b07 mixed mode windows-amd64 compressed oops)
# Failed to write core dump. Minidumps are not enabled by default on client versions of Windows
#

---------------  T H R E A D  ---------------

Current thread (0x00000000169ac000):  JavaThread "C2 CompilerThread2" daemon [_thread_in_native, id=73888, stack(0x0000000017480000,0x0000000017580000)]

Stack: [0x0000000017480000,0x0000000017580000]
[error occurred during error reporting (printing stack bounds), id 0xc0000005]

Native frames: (J=compiled Java code, j=interpreted, Vv=VM code, C=native code)


Current CompileTask:
C2:   2151 1497       4       java.net.URLClassLoader$1::run (5 bytes)


---------------  P R O C E S S  ---------------

Java Threads: ( => current thread )
  0x000000001950a000 JavaThread "File lock request listener" [_thread_in_native, id=72428, stack(0x000000001b8c0000,0x000000001b9c0000)]
  0x0000000019505800 JavaThread "Cache worker for file hash cache (C:\Users\emanu\.gradle\caches\6.6.1\fileHashes)" [_thread_blocked, id=74320, stack(0x000000001b7c0000,0x000000001b8c0000)]
  0x0000000019474800 JavaThread "Thread-9" [_thread_blocked, id=37496, stack(0x000000001b4c0000,0x000000001b5c0000)]
  0x0000000019473800 JavaThread "Stdin handler" [_thread_blocked, id=71100, stack(0x000000001b3c0000,0x000000001b4c0000)]
  0x0000000019471000 JavaThread "Asynchronous log dispatcher for DefaultDaemonConnection: socket connection from /127.0.0.1:56792 to /127.0.0.1:56793" [_thread_blocked, id=18468, stack(0x000000001b2c0000,0x000000001b3c0000)]
  0x0000000019476000 JavaThread "Daemon worker" [_thread_in_vm, id=74352, stack(0x000000001b1c0000,0x000000001b2c0000)]
  0x00000000194a3000 JavaThread "Cancel handler" [_thread_blocked, id=74584, stack(0x000000001afc0000,0x000000001b0c0000)]
  0x000000001944c000 JavaThread "Handler for socket connection from /127.0.0.1:56792 to /127.0.0.1:56793" [_thread_in_native, id=74640, stack(0x000000001aec0000,0x000000001afc0000)]
  0x0000000019448800 JavaThread "Daemon" [_thread_blocked, id=74160, stack(0x000000001adc0000,0x000000001aec0000)]
  0x00000000193d9000 JavaThread "Daemon periodic checks" [_thread_blocked, id=73504, stack(0x000000001aac0000,0x000000001abc0000)]
  0x00000000193c8800 JavaThread "Incoming local TCP Connector on port 56792" [_thread_in_native, id=74600, stack(0x000000001a860000,0x000000001a960000)]
  0x0000000019300800 JavaThread "Daemon health stats" [_thread_blocked, id=53972, stack(0x000000001a020000,0x000000001a120000)]
  0x0000000016a33800 JavaThread "Service Thread" daemon [_thread_blocked, id=73792, stack(0x0000000017680000,0x0000000017780000)]
  0x00000000169b0000 JavaThread "C1 CompilerThread3" daemon [_thread_blocked, id=71664, stack(0x0000000017580000,0x0000000017680000)]
=>0x00000000169ac000 JavaThread "C2 CompilerThread2" daemon [_thread_in_native, id=73888, stack(0x0000000017480000,0x0000000017580000)]
  0x00000000169ab000 JavaThread "C2 CompilerThread1" daemon [_thread_blocked, id=72908, stack(0x0000000017380000,0x0000000017480000)]
  0x00000000169a5000 JavaThread "C2 CompilerThread0" daemon [_thread_blocked, id=65968, stack(0x0000000017280000,0x0000000017380000)]
  0x00000000169a0800 JavaThread "Attach Listener" daemon [_thread_blocked, id=72920, stack(0x0000000017180000,0x0000000017280000)]
  0x0000000014b9e800 JavaThread "Signal Dispatcher" daemon [_thread_blocked, id=73512, stack(0x0000000017080000,0x0000000017180000)]
  0x0000000016991000 JavaThread "Finalizer" daemon [_thread_blocked, id=73132, stack(0x0000000016e70000,0x0000000016f70000)]
  0x0000000016990800 JavaThread "Reference Handler" daemon [_thread_blocked, id=70388, stack(0x0000000016d70000,0x0000000016e70000)]
  0x00000000032d2800 JavaThread "main" [_thread_blocked, id=63872, stack(0x00000000031d0000,0x00000000032d0000)]

Other Threads:
  0x0000000014b89800 VMThread [stack: 0x0000000016870000,0x0000000016970000] [id=59800]
  0x0000000016a55800 WatcherThread [stack: 0x0000000017780000,0x0000000017880000] [id=69848]

VM state:not at safepoint (normal execution)

VM Mutex/Monitor currently owned by a thread: None

heap address: 0x00000000e0000000, size: 512 MB, Compressed Oops mode: 32-bit
Narrow klass base: 0x0000000000000000, Narrow klass shift: 3
Compressed class space size: 1073741824 Address: 0x0000000100000000

Heap:
 PSYoungGen      total 76288K, used 12172K [0x00000000f5580000, 0x00000000faa80000, 0x0000000100000000)
  eden space 65536K, 3% used [0x00000000f5580000,0x00000000f57f2450,0x00000000f9580000)
  from space 10752K, 89% used [0x00000000fa000000,0x00000000fa970d60,0x00000000faa80000)
  to   space 10752K, 0% used [0x00000000f9580000,0x00000000f9580000,0x00000000fa000000)
 ParOldGen       total 175104K, used 24K [0x00000000e0000000, 0x00000000eab00000, 0x00000000f5580000)
  object space 175104K, 0% used [0x00000000e0000000,0x00000000e0006000,0x00000000eab00000)
 Metaspace       used 14891K, capacity 15386K, committed 15616K, reserved 1062912K
  class space    used 2106K, capacity 2251K, committed 2304K, reserved 1048576K

Card table byte_map: [0x0000000012790000,0x00000000128a0000] byte_map_base: 0x0000000012090000

Marking Bits: (ParMarkBitMap*) 0x000000006012be30
 Begin Bits: [0x00000000130a0000, 0x00000000138a0000)
 End Bits:   [0x00000000138a0000, 0x00000000140a0000)

Polling page: 0x0000000000ff0000

CodeCache: size=245760Kb used=5344Kb max_used=5344Kb free=240415Kb
 bounds [0x00000000033d0000, 0x0000000003910000, 0x00000000123d0000]
 total_blobs=1888 nmethods=1505 adapters=295
 compilation: enabled

Compilation events (10 events):
Event: 2.144 Thread 0x00000000169b0000 1504       3       com.google.common.collect.AbstractIndexedListIterator::hasNext (17 bytes)
Event: 2.144 Thread 0x00000000169b0000 nmethod 1504 0x00000000038feb50 code [0x00000000038feca0, 0x00000000038fee50]
Event: 2.145 Thread 0x00000000169b0000 1505       3       org.gradle.internal.file.FilePathUtil::sizeOfCommonPrefix (142 bytes)
Event: 2.146 Thread 0x00000000169b0000 nmethod 1505 0x000000000390a790 code [0x000000000390aa00, 0x000000000390be28]
Event: 2.146 Thread 0x00000000169b0000 1506       3       org.gradle.internal.file.DefaultFileHierarchySet$Node::sizeOfCommonPrefix (10 bytes)
Event: 2.146 Thread 0x00000000169b0000 nmethod 1506 0x00000000038fe710 code [0x00000000038fe880, 0x00000000038fea68]
Event: 2.146 Thread 0x00000000169b0000 1507       3       org.gradle.internal.file.FilePathUtil::sizeOfCommonPrefix (10 bytes)
Event: 2.146 Thread 0x00000000169b0000 nmethod 1507 0x0000000003907f90 code [0x0000000003908100, 0x0000000003908268]
Event: 2.146 Thread 0x00000000169b0000 1508       3       com.google.common.base.Preconditions::checkElementIndex (8 bytes)
Event: 2.146 Thread 0x00000000169b0000 nmethod 1508 0x0000000003907990 code [0x0000000003907b20, 0x0000000003907e18]

GC Heap History (4 events):
Event: 0.893 GC heap before
{Heap before GC invocations=1 (full 0):
 PSYoungGen      total 76288K, used 65536K [0x00000000f5580000, 0x00000000faa80000, 0x0000000100000000)
  eden space 65536K, 100% used [0x00000000f5580000,0x00000000f9580000,0x00000000f9580000)
  from space 10752K, 0% used [0x00000000fa000000,0x00000000fa000000,0x00000000faa80000)
  to   space 10752K, 0% used [0x00000000f9580000,0x00000000f9580000,0x00000000fa000000)
 ParOldGen       total 175104K, used 0K [0x00000000e0000000, 0x00000000eab00000, 0x00000000f5580000)
  object space 175104K, 0% used [0x00000000e0000000,0x00000000e0000000,0x00000000eab00000)
 Metaspace       used 7724K, capacity 8034K, committed 8320K, reserved 1056768K
  class space    used 975K, capacity 1081K, committed 1152K, reserved 1048576K
Event: 0.899 GC heap after
Heap after GC invocations=1 (full 0):
 PSYoungGen      total 76288K, used 6023K [0x00000000f5580000, 0x00000000faa80000, 0x0000000100000000)
  eden space 65536K, 0% used [0x00000000f5580000,0x00000000f5580000,0x00000000f9580000)
  from space 10752K, 56% used [0x00000000f9580000,0x00000000f9b61d70,0x00000000fa000000)
  to   space 10752K, 0% used [0x00000000fa000000,0x00000000fa000000,0x00000000faa80000)
 ParOldGen       total 175104K, used 16K [0x00000000e0000000, 0x00000000eab00000, 0x00000000f5580000)
  object space 175104K, 0% used [0x00000000e0000000,0x00000000e0004000,0x00000000eab00000)
 Metaspace       used 7724K, capacity 8034K, committed 8320K, reserved 1056768K
  class space    used 975K, capacity 1081K, committed 1152K, reserved 1048576K
}
Event: 2.121 GC heap before
{Heap before GC invocations=2 (full 0):
 PSYoungGen      total 76288K, used 71559K [0x00000000f5580000, 0x00000000faa80000, 0x0000000100000000)
  eden space 65536K, 100% used [0x00000000f5580000,0x00000000f9580000,0x00000000f9580000)
  from space 10752K, 56% used [0x00000000f9580000,0x00000000f9b61d70,0x00000000fa000000)
  to   space 10752K, 0% used [0x00000000fa000000,0x00000000fa000000,0x00000000faa80000)
 ParOldGen       total 175104K, used 16K [0x00000000e0000000, 0x00000000eab00000, 0x00000000f5580000)
  object space 175104K, 0% used [0x00000000e0000000,0x00000000e0004000,0x00000000eab00000)
 Metaspace       used 14687K, capacity 15194K, committed 15616K, reserved 1062912K
  class space    used 2074K, capacity 2187K, committed 2304K, reserved 1048576K
Event: 2.128 GC heap after
Heap after GC invocations=2 (full 0):
 PSYoungGen      total 76288K, used 9667K [0x00000000f5580000, 0x00000000faa80000, 0x0000000100000000)
  eden space 65536K, 0% used [0x00000000f5580000,0x00000000f5580000,0x00000000f9580000)
  from space 10752K, 89% used [0x00000000fa000000,0x00000000fa970d60,0x00000000faa80000)
  to   space 10752K, 0% used [0x00000000f9580000,0x00000000f9580000,0x00000000fa000000)
 ParOldGen       total 175104K, used 24K [0x00000000e0000000, 0x00000000eab00000, 0x00000000f5580000)
  object space 175104K, 0% used [0x00000000e0000000,0x00000000e0006000,0x00000000eab00000)
 Metaspace       used 14687K, capacity 15194K, committed 15616K, reserved 1062912K
  class space    used 2074K, capacity 2187K, committed 2304K, reserved 1048576K
}

Deoptimization events (10 events):
Event: 1.832 Thread 0x000000001944c000 Uncommon trap: reason=unstable_if action=reinterpret pc=0x00000000037e19a8 method=java.util.concurrent.ConcurrentHashMap.putVal(Ljava/lang/Object;Ljava/lang/Object;Z)Ljava/lang/Object; @ 206
Event: 1.869 Thread 0x0000000019476000 Uncommon trap: reason=bimorphic action=maybe_recompile pc=0x000000000365f2b8 method=java.util.HashMap.putVal(ILjava/lang/Object;Ljava/lang/Object;ZZ)Ljava/lang/Object; @ 253
Event: 1.869 Thread 0x0000000019476000 Uncommon trap: reason=bimorphic action=maybe_recompile pc=0x000000000365f2b8 method=java.util.HashMap.putVal(ILjava/lang/Object;Ljava/lang/Object;ZZ)Ljava/lang/Object; @ 253
Event: 1.869 Thread 0x0000000019476000 Uncommon trap: reason=bimorphic action=maybe_recompile pc=0x000000000365f2b8 method=java.util.HashMap.putVal(ILjava/lang/Object;Ljava/lang/Object;ZZ)Ljava/lang/Object; @ 253
Event: 1.869 Thread 0x0000000019476000 Uncommon trap: reason=bimorphic action=maybe_recompile pc=0x000000000365f2b8 method=java.util.HashMap.putVal(ILjava/lang/Object;Ljava/lang/Object;ZZ)Ljava/lang/Object; @ 253
Event: 1.869 Thread 0x0000000019476000 Uncommon trap: reason=bimorphic action=maybe_recompile pc=0x00000000036618d4 method=java.util.HashMap.putVal(ILjava/lang/Object;Ljava/lang/Object;ZZ)Ljava/lang/Object; @ 253
Event: 2.005 Thread 0x0000000019476000 Uncommon trap: reason=class_check action=maybe_recompile pc=0x00000000036fa158 method=java.util.regex.Matcher.match(II)Z @ 86
Event: 2.021 Thread 0x0000000019476000 Uncommon trap: reason=class_check action=maybe_recompile pc=0x00000000036fa158 method=java.util.regex.Matcher.match(II)Z @ 86
Event: 2.021 Thread 0x0000000019476000 Uncommon trap: reason=class_check action=maybe_recompile pc=0x00000000036fa158 method=java.util.regex.Matcher.match(II)Z @ 86
Event: 2.021 Thread 0x0000000019476000 Uncommon trap: reason=class_check action=maybe_recompile pc=0x000000000359030c method=java.util.regex.Matcher.match(II)Z @ 86

Classes redefined (0 events):
No events

Internal exceptions (10 events):
Event: 0.470 Thread 0x00000000032d2800 Exception <a 'java/lang/ArrayIndexOutOfBoundsException'> (0x00000000f6aa2b90) thrown at [C:\ade\jenkins\workspace\8-2-build-windows-amd64-cygwin\jdk8u241\331\hotspot\src\share\vm\runtime\sharedRuntime.cpp, line 605]
Event: 0.470 Thread 0x00000000032d2800 Exception <a 'java/lang/ArrayIndexOutOfBoundsException'> (0x00000000f6aaf400) thrown at [C:\ade\jenkins\workspace\8-2-build-windows-amd64-cygwin\jdk8u241\331\hotspot\src\share\vm\runtime\sharedRuntime.cpp, line 605]
Event: 1.806 Thread 0x00000000032d2800 Exception <a 'java/io/IOException'> (0x00000000f71fb408) thrown at [C:\ade\jenkins\workspace\8-2-build-windows-amd64-cygwin\jdk8u241\331\hotspot\src\share\vm\prims\jni.cpp, line 710]
Event: 1.832 Thread 0x000000001944c000 Exception <a 'java/lang/NoSuchMethodError': <clinit>> (0x00000000f750e378) thrown at [C:\ade\jenkins\workspace\8-2-build-windows-amd64-cygwin\jdk8u241\331\hotspot\src\share\vm\prims\jni.cpp, line 1614]
Event: 1.834 Thread 0x000000001944c000 Exception <a 'java/lang/NoSuchMethodError': <clinit>> (0x00000000f7517fa8) thrown at [C:\ade\jenkins\workspace\8-2-build-windows-amd64-cygwin\jdk8u241\331\hotspot\src\share\vm\prims\jni.cpp, line 1614]
Event: 1.836 Thread 0x000000001944c000 Exception <a 'java/lang/NoSuchMethodError': <clinit>> (0x00000000f752c8f0) thrown at [C:\ade\jenkins\workspace\8-2-build-windows-amd64-cygwin\jdk8u241\331\hotspot\src\share\vm\prims\jni.cpp, line 1614]
Event: 1.845 Thread 0x000000001944c000 Exception <a 'java/lang/NoSuchMethodError': <clinit>> (0x00000000f7596608) thrown at [C:\ade\jenkins\workspace\8-2-build-windows-amd64-cygwin\jdk8u241\331\hotspot\src\share\vm\prims\jni.cpp, line 1614]
Event: 1.849 Thread 0x000000001944c000 Exception <a 'java/lang/NoSuchMethodError': <clinit>> (0x00000000f75d1f68) thrown at [C:\ade\jenkins\workspace\8-2-build-windows-amd64-cygwin\jdk8u241\331\hotspot\src\share\vm\prims\jni.cpp, line 1614]
Event: 1.852 Thread 0x000000001944c000 Exception <a 'java/lang/NoSuchMethodError': <clinit>> (0x00000000f7607eb0) thrown at [C:\ade\jenkins\workspace\8-2-build-windows-amd64-cygwin\jdk8u241\331\hotspot\src\share\vm\prims\jni.cpp, line 1614]
Event: 2.092 Thread 0x0000000019476000 Exception <a 'java/lang/NoSuchMethodError': java.lang.Object.lambda$static$0(Lorg/gradle/internal/state/ModelObject;)Ljava/lang/String;> (0x00000000f92a86d0) thrown at [C:\ade\jenkins\workspace\8-2-build-windows-amd64-cygwin\jdk8u241\331\hotspot\src\share

Events (10 events):
Event: 2.148 loading class com/google/common/collect/MapMakerInternalMap$Strength$2
Event: 2.148 loading class com/google/common/collect/MapMakerInternalMap$Strength$2 done
Event: 2.148 loading class com/google/common/collect/Interners$InternerImpl
Event: 2.148 loading class com/google/common/collect/Interners$InternerImpl done
Event: 2.148 loading class com/google/common/collect/MapMakerInternalMap
Event: 2.148 loading class com/google/common/collect/MapMakerInternalMap done
Event: 2.149 loading class com/google/common/collect/MapMakerInternalMap$WeakValueReference
Event: 2.149 loading class com/google/common/collect/MapMakerInternalMap$WeakValueReference done
Event: 2.150 loading class com/google/common/collect/MapMakerInternalMap$InternalEntryHelper
Event: 2.150 loading class com/google/common/collect/MapMakerInternalMap$InternalEntryHelper done


Dynamic libraries:
0x00007ff6e2ca0000 - 0x00007ff6e2cd7000 	C:\Program Files\Java\jdk1.8.0_241\bin\java.exe
0x00007fff46660000 - 0x00007fff46850000 	C:\Windows\SYSTEM32\ntdll.dll
0x00007fff45ea0000 - 0x00007fff45f52000 	C:\Windows\System32\KERNEL32.DLL
0x00007fff44010000 - 0x00007fff442b5000 	C:\Windows\System32\KERNELBASE.dll
0x00007fff45340000 - 0x00007fff453e3000 	C:\Windows\System32\ADVAPI32.dll
0x00007fff448d0000 - 0x00007fff4496e000 	C:\Windows\System32\msvcrt.dll
0x00007fff45470000 - 0x00007fff45507000 	C:\Windows\System32\sechost.dll
0x00007fff459d0000 - 0x00007fff45af0000 	C:\Windows\System32\RPCRT4.dll
0x00007fff451a0000 - 0x00007fff45334000 	C:\Windows\System32\USER32.dll
0x00007fff435f0000 - 0x00007fff43611000 	C:\Windows\System32\win32u.dll
0x00007fff45510000 - 0x00007fff45536000 	C:\Windows\System32\GDI32.dll
0x00007fff44450000 - 0x00007fff445e6000 	C:\Windows\System32\gdi32full.dll
0x00007fff44670000 - 0x00007fff4470e000 	C:\Windows\System32\msvcp_win.dll
0x00007fff442c0000 - 0x00007fff443ba000 	C:\Windows\System32\ucrtbase.dll
0x00007fff32a50000 - 0x00007fff32cd4000 	C:\Windows\WinSxS\amd64_microsoft.windows.common-controls_6595b64144ccf1df_6.0.18362.1139_none_9e7bf2d3e4605ac6\COMCTL32.dll
0x00007fff45b60000 - 0x00007fff45e95000 	C:\Windows\System32\combase.dll
0x00007fff445f0000 - 0x00007fff44670000 	C:\Windows\System32\bcryptPrimitives.dll
0x00007fff45170000 - 0x00007fff4519e000 	C:\Windows\System32\IMM32.DLL
0x00000000601b0000 - 0x0000000060282000 	C:\Program Files\Java\jdk1.8.0_241\jre\bin\msvcr100.dll
0x000000005f900000 - 0x00000000601ac000 	C:\Program Files\Java\jdk1.8.0_241\jre\bin\server\jvm.dll
0x00007fff463e0000 - 0x00007fff463e8000 	C:\Windows\System32\PSAPI.DLL
0x00007fff2eb50000 - 0x00007fff2eb59000 	C:\Windows\SYSTEM32\WSOCK32.dll
0x00007fff31440000 - 0x00007fff31464000 	C:\Windows\SYSTEM32\WINMM.dll
0x00007fff39d20000 - 0x00007fff39d2a000 	C:\Windows\SYSTEM32\VERSION.dll
0x00007fff453f0000 - 0x00007fff4545f000 	C:\Windows\System32\WS2_32.dll
0x00007fff312e0000 - 0x00007fff3130d000 	C:\Windows\SYSTEM32\winmmbase.dll
0x00007fff43620000 - 0x00007fff4366a000 	C:\Windows\System32\cfgmgr32.dll
0x00007fff365e0000 - 0x00007fff365ef000 	C:\Program Files\Java\jdk1.8.0_241\jre\bin\verify.dll
0x00007fff34200000 - 0x00007fff34229000 	C:\Program Files\Java\jdk1.8.0_241\jre\bin\java.dll
0x00007fff342a0000 - 0x00007fff342b6000 	C:\Program Files\Java\jdk1.8.0_241\jre\bin\zip.dll
0x00007fff44a80000 - 0x00007fff45167000 	C:\Windows\System32\SHELL32.dll
0x00007fff44970000 - 0x00007fff44a19000 	C:\Windows\System32\shcore.dll
0x00007fff437c0000 - 0x00007fff43f40000 	C:\Windows\System32\windows.storage.dll
0x00007fff43530000 - 0x00007fff43553000 	C:\Windows\System32\profapi.dll
0x00007fff435a0000 - 0x00007fff435ea000 	C:\Windows\System32\powrprof.dll
0x00007fff43520000 - 0x00007fff43530000 	C:\Windows\System32\UMPDC.dll
0x00007fff44860000 - 0x00007fff448b2000 	C:\Windows\System32\shlwapi.dll
0x00007fff43580000 - 0x00007fff43591000 	C:\Windows\System32\kernel.appcore.dll
0x00007fff43f40000 - 0x00007fff43f57000 	C:\Windows\System32\cryptsp.dll
0x00007fff34020000 - 0x00007fff3403a000 	C:\Program Files\Java\jdk1.8.0_241\jre\bin\net.dll
0x00007fff42d70000 - 0x00007fff42dd7000 	C:\Windows\system32\mswsock.dll
0x00007fff34000000 - 0x00007fff34012000 	C:\Program Files\Java\jdk1.8.0_241\jre\bin\nio.dll
0x00007fff39550000 - 0x00007fff39577000 	C:\Users\emanu\.gradle\native\9f2fa17c089eee584f3420100432f77ec4c098959e4bf121a4d6054c26537dfb\windows-amd64\native-platform.dll
0x00007fff39a30000 - 0x00007fff39a3d000 	C:\Program Files\Java\jdk1.8.0_241\jre\bin\management.dll
0x00007fff428e0000 - 0x00007fff42913000 	C:\Windows\system32\rsaenh.dll
0x00007fff443c0000 - 0x00007fff443e6000 	C:\Windows\System32\bcrypt.dll
0x00007fff43440000 - 0x00007fff43465000 	C:\Windows\SYSTEM32\USERENV.dll
0x00007fff42f40000 - 0x00007fff42f4c000 	C:\Windows\SYSTEM32\CRYPTBASE.dll
0x00007fff42a80000 - 0x00007fff42aba000 	C:\Windows\SYSTEM32\IPHLPAPI.DLL
0x00007fff448c0000 - 0x00007fff448c8000 	C:\Windows\System32\NSI.dll
0x00007fff39300000 - 0x00007fff39316000 	C:\Windows\SYSTEM32\dhcpcsvc6.DLL
0x00007fff392e0000 - 0x00007fff392fc000 	C:\Windows\SYSTEM32\dhcpcsvc.DLL
0x00007fff42ac0000 - 0x00007fff42b8b000 	C:\Windows\SYSTEM32\DNSAPI.dll
0x00007fff3bc20000 - 0x00007fff3bc2b000 	C:\Windows\SYSTEM32\WINNSI.DLL

VM Arguments:
jvm_args: -XX:MaxMetaspaceSize=256m -XX:+HeapDumpOnOutOfMemoryError -Xms256m -Xmx512m -Dfile.encoding=windows-1252 -Duser.country=BR -Duser.language=pt -Duser.variant 
java_command: org.gradle.launcher.daemon.bootstrap.GradleDaemon 6.6.1
java_class_path (initial): C:\Users\emanu\.gradle\wrapper\dists\gradle-6.6.1-bin\du4tvj86lhti6iga1v8h7pckb\gradle-6.6.1\lib\gradle-launcher-6.6.1.jar
Launcher Type: SUN_STANDARD

Environment Variables:
JAVA_HOME=C:\Program Files\Java\jdk1.8.0_241\
PATH=C:\app\emanu\product\18.0.0\dbhomeXE\bin;C:\Program Files (x86)\Common Files\Oracle\Java\javapath;C:\Windows\system32;C:\Windows;C:\Windows\System32\Wbem;C:\Windows\System32\WindowsPowerShell\v1.0\;C:\Windows\System32\OpenSSH\;C:\Program Files (x86)\Intel\Intel(R) Management Engine Components\DAL;C:\Program Files\Intel\Intel(R) Management Engine Components\DAL;C:\Program Files (x86)\NVIDIA Corporation\PhysX\Common;C:\Program Files\NVIDIA Corporation\NVIDIA NvDLISR;C:\Program Files\Microsoft VS Code\bin;C:\Program Files\Git\cmd;D:\OPAH\util\apache-maven-3.6.3\bin;C:\Program Files\Java\jdk1.8.0_241\bin;C:\Program Files\MongoDB\Server\4.2\bin;C:\Program Files\nodejs\;C:\Program Files\PuTTY\;C:\Users\emanu\AppData\Local\Microsoft\WindowsApps;D:\OPAH\util\apache-maven-3.6.3\apache-maven\src\bin;C:\Users\emanu\AppData\Roaming\npm;
USERNAME=emanu
OS=Windows_NT
PROCESSOR_IDENTIFIER=Intel64 Family 6 Model 142 Stepping 12, GenuineIntel



---------------  S Y S T E M  ---------------

OS: Windows 10.0 , 64 bit Build 18362 (10.0.18362.1110)

CPU:total 8 (initial active 8) (4 cores per cpu, 2 threads per core) family 6 model 142 stepping 12, cmov, cx8, fxsr, mmx, sse, sse2, sse3, ssse3, sse4.1, sse4.2, popcnt, avx, avx2, aes, clmul, erms, 3dnowpref, lzcnt, ht, tsc, tscinvbit, bmi1, bmi2, adx

Memory: 4k page, physical 16580004k(2987596k free), swap 30114080k(5804k free)

vm_info: Java HotSpot(TM) 64-Bit Server VM (25.241-b07) for windows-amd64 JRE (1.8.0_241-b07), built on Dec 11 2019 10:21:40 by "rejava" with MS VC++ 10.0 (VS2010)

time: Tue Oct 20 19:55:25 2020
timezone: Hora Padrão da Bahia
elapsed time: 2 seconds (0d 0h 0m 2s)

