#
# There is insufficient memory for the Java Runtime Environment to continue.
# Native memory allocation (malloc) failed to allocate 32744 bytes for ChunkPool::allocate
# Possible reasons:
#   The system is out of physical RAM or swap space
#   The process is running with CompressedOops enabled, and the Java Heap may be blocking the growth of the native heap
# Possible solutions:
#   Reduce memory load on the system
#   Increase physical memory or swap space
#   Check if swap backing store is full
#   Decrease Java heap size (-Xmx/-Xms)
#   Decrease number of Java threads
#   Decrease Java thread stack sizes (-Xss)
#   Set larger code cache with -XX:ReservedCodeCacheSize=
#   JVM is running with Zero Based Compressed Oops mode in which the Java heap is
#     placed in the first 32GB address space. The Java Heap base address is the
#     maximum limit for the native heap growth. Please use -XX:HeapBaseMinAddress
#     to set the Java Heap base and to place the Java Heap above 32GB virtual address.
# This output file may be truncated or incomplete.
#
#  Out of Memory Error (allocation.cpp:272), pid=76044, tid=0x0000000000012584
#
# JRE version: Java(TM) SE Runtime Environment (8.0_241-b07) (build 1.8.0_241-b07)
# Java VM: Java HotSpot(TM) 64-Bit Server VM (25.241-b07 mixed mode windows-amd64 compressed oops)
# Failed to write core dump. Minidumps are not enabled by default on client versions of Windows
#

---------------  T H R E A D  ---------------

Current thread (0x000000001e7d5800):  JavaThread "C2 CompilerThread2" daemon [_thread_in_native, id=75140, stack(0x000000001f570000,0x000000001f670000)]

Stack: [0x000000001f570000,0x000000001f670000]
[error occurred during error reporting (printing stack bounds), id 0xc0000005]

Native frames: (J=compiled Java code, j=interpreted, Vv=VM code, C=native code)


Current CompileTask:
C2:  10930 5430       4       org.springframework.core.annotation.TypeMappedAnnotations::scan (62 bytes)


---------------  P R O C E S S  ---------------

Java Threads: ( => current thread )
  0x0000000023c2f800 JavaThread "File Watcher" daemon [_thread_blocked, id=64244, stack(0x00000000318e0000,0x00000000319e0000)]
  0x0000000023c2e800 JavaThread "Live Reload Server" daemon [_thread_in_native, id=73116, stack(0x000000002feb0000,0x000000002ffb0000)]
  0x00000000288a3000 JavaThread "HikariPool-1 connection adder" daemon [_thread_blocked, id=57112, stack(0x000000002a9f0000,0x000000002aaf0000)]
  0x00000000288a2800 JavaThread "container-0" [_thread_blocked, id=76324, stack(0x000000002a8f0000,0x000000002a9f0000)]
  0x00000000288a6000 JavaThread "Catalina-utility-2" [_thread_blocked, id=73168, stack(0x000000002a7f0000,0x000000002a8f0000)]
  0x00000000288a1000 JavaThread "Catalina-utility-1" [_thread_blocked, id=46936, stack(0x000000002a6f0000,0x000000002a7f0000)]
  0x00000000288a5800 JavaThread "HikariPool-1 housekeeper" daemon [_thread_blocked, id=70108, stack(0x0000000024c90000,0x0000000024d90000)]
  0x00000000288a1800 JavaThread "PostgreSQL-JDBC-SharedTimer-1" daemon [_thread_blocked, id=75684, stack(0x00000000219a0000,0x0000000021aa0000)]
  0x00000000207eb800 JavaThread "restartedMain" [_thread_in_vm, id=62156, stack(0x00000000213a0000,0x00000000214a0000)]
  0x00000000207ef800 JavaThread "Thread-0" [_thread_blocked, id=74700, stack(0x00000000212a0000,0x00000000213a0000)]
  0x000000001e818000 JavaThread "Service Thread" daemon [_thread_blocked, id=13064, stack(0x000000001f770000,0x000000001f870000)]
  0x000000001e7da000 JavaThread "C1 CompilerThread3" daemon [_thread_blocked, id=64056, stack(0x000000001f670000,0x000000001f770000)]
=>0x000000001e7d5800 JavaThread "C2 CompilerThread2" daemon [_thread_in_native, id=75140, stack(0x000000001f570000,0x000000001f670000)]
  0x000000001e7d4800 JavaThread "C2 CompilerThread1" daemon [_thread_in_native, id=76688, stack(0x000000001f470000,0x000000001f570000)]
  0x000000001e7d1000 JavaThread "C2 CompilerThread0" daemon [_thread_in_native, id=69236, stack(0x000000001f370000,0x000000001f470000)]
  0x000000001e7b3000 JavaThread "JDWP Command Reader" daemon [_thread_in_native, id=74764, stack(0x000000001f270000,0x000000001f370000)]
  0x000000001e7b1800 JavaThread "JDWP Event Helper Thread" daemon [_thread_blocked, id=74536, stack(0x000000001f170000,0x000000001f270000)]
  0x000000001e7a7000 JavaThread "JDWP Transport Listener: dt_socket" daemon [_thread_blocked, id=71280, stack(0x000000001f070000,0x000000001f170000)]
  0x000000001e79b800 JavaThread "Attach Listener" daemon [_thread_blocked, id=67224, stack(0x000000001ef70000,0x000000001f070000)]
  0x000000001c97e800 JavaThread "Signal Dispatcher" daemon [_thread_blocked, id=74920, stack(0x000000001ee70000,0x000000001ef70000)]
  0x000000001e780800 JavaThread "Finalizer" daemon [_thread_blocked, id=73992, stack(0x000000001ec60000,0x000000001ed60000)]
  0x000000001c970000 JavaThread "Reference Handler" daemon [_thread_blocked, id=71388, stack(0x000000001eb60000,0x000000001ec60000)]
  0x0000000002ec9800 JavaThread "main" [_thread_blocked, id=71428, stack(0x0000000002dc0000,0x0000000002ec0000)]

Other Threads:
  0x0000000002fbe800 VMThread [stack: 0x000000001e660000,0x000000001e760000] [id=76556]
  0x000000001e902000 WatcherThread [stack: 0x000000001f870000,0x000000001f970000] [id=71996]

VM state:not at safepoint (normal execution)

VM Mutex/Monitor currently owned by a thread: None

heap address: 0x00000006c3000000, size: 4048 MB, Compressed Oops mode: Zero based, Oop shift amount: 3
Narrow klass base: 0x0000000000000000, Narrow klass shift: 3
Compressed class space size: 1073741824 Address: 0x00000007c0000000

Heap:
 PSYoungGen      total 192512K, used 65049K [0x000000076bb00000, 0x000000077b400000, 0x00000007c0000000)
  eden space 176640K, 36% used [0x000000076bb00000,0x000000076fa865d8,0x0000000776780000)
  from space 15872K, 0% used [0x0000000776780000,0x0000000776780000,0x0000000777700000)
  to   space 18432K, 0% used [0x000000077a200000,0x000000077a200000,0x000000077b400000)
 ParOldGen       total 175104K, used 28022K [0x00000006c3000000, 0x00000006cdb00000, 0x000000076bb00000)
  object space 175104K, 16% used [0x00000006c3000000,0x00000006c4b5d888,0x00000006cdb00000)
 Metaspace       used 59263K, capacity 62360K, committed 62488K, reserved 1103872K
  class space    used 8201K, capacity 8706K, committed 8752K, reserved 1048576K

Card table byte_map: [0x0000000012380000,0x0000000012b70000] byte_map_base: 0x000000000ed68000

Marking Bits: (ParMarkBitMap*) 0x000000006012be30
 Begin Bits: [0x00000000138c0000, 0x0000000017800000)
 End Bits:   [0x0000000017800000, 0x000000001b740000)

Polling page: 0x0000000000f60000

CodeCache: size=245760Kb used=18279Kb max_used=18279Kb free=227481Kb
 bounds [0x0000000002fc0000, 0x00000000041b0000, 0x0000000011fc0000]
 total_blobs=5482 nmethods=4975 adapters=426
 compilation: enabled

Compilation events (10 events):
Event: 10.920 Thread 0x000000001e7da000 5684       2       org.springframework.aop.scope.ScopedProxyUtils::isScopedTarget (19 bytes)
Event: 10.920 Thread 0x000000001e7da000 nmethod 5684 0x00000000041a4590 code [0x00000000041a4700, 0x00000000041a48a8]
Event: 10.920 Thread 0x000000001e7da000 5685       2       org.springframework.aop.framework.autoproxy.AutoProxyUtils::determineTargetClass (51 bytes)
Event: 10.921 Thread 0x000000001e7da000 nmethod 5685 0x00000000041a4990 code [0x00000000041a4b20, 0x00000000041a4dd8]
Event: 10.921 Thread 0x000000001e7da000 5686   !   2       org.springframework.context.event.EventListenerMethodProcessor::processBean (404 bytes)
Event: 10.924 Thread 0x000000001e7da000 nmethod 5686 0x00000000041a4f50 code [0x00000000041a53e0, 0x00000000041a6aa8]
Event: 10.924 Thread 0x000000001e7da000 5687       2       org.springframework.context.event.EventListenerMethodProcessor::isSpringContainerClass (30 bytes)
Event: 10.925 Thread 0x000000001e7da000 nmethod 5687 0x00000000041a8410 code [0x00000000041a85c0, 0x00000000041a88f8]
Event: 10.925 Thread 0x000000001e7da000 5688       2       org.springframework.core.MethodIntrospector$$Lambda$760/601270530::get$Lambda (11 bytes)
Event: 10.925 Thread 0x000000001e7da000 nmethod 5688 0x00000000041a8b50 code [0x00000000041a8ca0, 0x00000000041a8e70]

GC Heap History (10 events):
Event: 5.342 GC heap before
{Heap before GC invocations=8 (full 1):
 PSYoungGen      total 137216K, used 68428K [0x000000076bb00000, 0x0000000777c00000, 0x00000007c0000000)
  eden space 125952K, 45% used [0x000000076bb00000,0x000000076f2d3d20,0x0000000773600000)
  from space 11264K, 99% used [0x0000000774380000,0x0000000774e7f530,0x0000000774e80000)
  to   space 13824K, 0% used [0x0000000773600000,0x0000000773600000,0x0000000774380000)
 ParOldGen       total 112128K, used 10621K [0x00000006c3000000, 0x00000006c9d80000, 0x000000076bb00000)
  object space 112128K, 9% used [0x00000006c3000000,0x00000006c3a5f510,0x00000006c9d80000)
 Metaspace       used 33529K, capacity 35448K, committed 35496K, reserved 1079296K
  class space    used 4359K, capacity 4738K, committed 4784K, reserved 1048576K
Event: 5.352 GC heap after
Heap after GC invocations=8 (full 1):
 PSYoungGen      total 139776K, used 9377K [0x000000076bb00000, 0x0000000778680000, 0x00000007c0000000)
  eden space 125952K, 0% used [0x000000076bb00000,0x000000076bb00000,0x0000000773600000)
  from space 13824K, 67% used [0x0000000773600000,0x0000000773f286e8,0x0000000774380000)
  to   space 13824K, 0% used [0x0000000777900000,0x0000000777900000,0x0000000778680000)
 ParOldGen       total 112128K, used 10629K [0x00000006c3000000, 0x00000006c9d80000, 0x000000076bb00000)
  object space 112128K, 9% used [0x00000006c3000000,0x00000006c3a61510,0x00000006c9d80000)
 Metaspace       used 33529K, capacity 35448K, committed 35496K, reserved 1079296K
  class space    used 4359K, capacity 4738K, committed 4784K, reserved 1048576K
}
Event: 5.352 GC heap before
{Heap before GC invocations=9 (full 2):
 PSYoungGen      total 139776K, used 9377K [0x000000076bb00000, 0x0000000778680000, 0x00000007c0000000)
  eden space 125952K, 0% used [0x000000076bb00000,0x000000076bb00000,0x0000000773600000)
  from space 13824K, 67% used [0x0000000773600000,0x0000000773f286e8,0x0000000774380000)
  to   space 13824K, 0% used [0x0000000777900000,0x0000000777900000,0x0000000778680000)
 ParOldGen       total 112128K, used 10629K [0x00000006c3000000, 0x00000006c9d80000, 0x000000076bb00000)
  object space 112128K, 9% used [0x00000006c3000000,0x00000006c3a61510,0x00000006c9d80000)
 Metaspace       used 33529K, capacity 35448K, committed 35496K, reserved 1079296K
  class space    used 4359K, capacity 4738K, committed 4784K, reserved 1048576K
Event: 5.414 GC heap after
Heap after GC invocations=9 (full 2):
 PSYoungGen      total 139776K, used 0K [0x000000076bb00000, 0x0000000778680000, 0x00000007c0000000)
  eden space 125952K, 0% used [0x000000076bb00000,0x000000076bb00000,0x0000000773600000)
  from space 13824K, 0% used [0x0000000773600000,0x0000000773600000,0x0000000774380000)
  to   space 13824K, 0% used [0x0000000777900000,0x0000000777900000,0x0000000778680000)
 ParOldGen       total 175104K, used 13793K [0x00000006c3000000, 0x00000006cdb00000, 0x000000076bb00000)
  object space 175104K, 7% used [0x00000006c3000000,0x00000006c3d78690,0x00000006cdb00000)
 Metaspace       used 33529K, capacity 35448K, committed 35496K, reserved 1079296K
  class space    used 4359K, capacity 4738K, committed 4784K, reserved 1048576K
}
Event: 8.078 GC heap before
{Heap before GC invocations=10 (full 2):
 PSYoungGen      total 139776K, used 125952K [0x000000076bb00000, 0x0000000778680000, 0x00000007c0000000)
  eden space 125952K, 100% used [0x000000076bb00000,0x0000000773600000,0x0000000773600000)
  from space 13824K, 0% used [0x0000000773600000,0x0000000773600000,0x0000000774380000)
  to   space 13824K, 0% used [0x0000000777900000,0x0000000777900000,0x0000000778680000)
 ParOldGen       total 175104K, used 13793K [0x00000006c3000000, 0x00000006cdb00000, 0x000000076bb00000)
  object space 175104K, 7% used [0x00000006c3000000,0x00000006c3d78690,0x00000006cdb00000)
 Metaspace       used 46499K, capacity 48598K, committed 48936K, reserved 1091584K
  class space    used 6266K, capacity 6633K, committed 6704K, reserved 1048576K
Event: 8.090 GC heap after
Heap after GC invocations=10 (full 2):
 PSYoungGen      total 188928K, used 13802K [0x000000076bb00000, 0x0000000778680000, 0x00000007c0000000)
  eden space 175104K, 0% used [0x000000076bb00000,0x000000076bb00000,0x0000000776600000)
  from space 13824K, 99% used [0x0000000777900000,0x000000077867a8a0,0x0000000778680000)
  to   space 15872K, 0% used [0x0000000776780000,0x0000000776780000,0x0000000777700000)
 ParOldGen       total 175104K, used 14889K [0x00000006c3000000, 0x00000006cdb00000, 0x000000076bb00000)
  object space 175104K, 8% used [0x00000006c3000000,0x00000006c3e8a708,0x00000006cdb00000)
 Metaspace       used 46499K, capacity 48598K, committed 48936K, reserved 1091584K
  class space    used 6266K, capacity 6633K, committed 6704K, reserved 1048576K
}
Event: 9.816 GC heap before
{Heap before GC invocations=11 (full 2):
 PSYoungGen      total 188928K, used 156226K [0x000000076bb00000, 0x0000000778680000, 0x00000007c0000000)
  eden space 175104K, 81% used [0x000000076bb00000,0x00000007746160e8,0x0000000776600000)
  from space 13824K, 99% used [0x0000000777900000,0x000000077867a8a0,0x0000000778680000)
  to   space 15872K, 0% used [0x0000000776780000,0x0000000776780000,0x0000000777700000)
 ParOldGen       total 175104K, used 14889K [0x00000006c3000000, 0x00000006cdb00000, 0x000000076bb00000)
  object space 175104K, 8% used [0x00000006c3000000,0x00000006c3e8a708,0x00000006cdb00000)
 Metaspace       used 56348K, capacity 59108K, committed 59160K, reserved 1099776K
  class space    used 7737K, capacity 8194K, committed 8240K, reserved 1048576K
Event: 9.843 GC heap after
Heap after GC invocations=11 (full 2):
 PSYoungGen      total 192512K, used 15846K [0x000000076bb00000, 0x000000077b400000, 0x00000007c0000000)
  eden space 176640K, 0% used [0x000000076bb00000,0x000000076bb00000,0x0000000776780000)
  from space 15872K, 99% used [0x0000000776780000,0x00000007776f99b0,0x0000000777700000)
  to   space 18432K, 0% used [0x000000077a200000,0x000000077a200000,0x000000077b400000)
 ParOldGen       total 175104K, used 15855K [0x00000006c3000000, 0x00000006cdb00000, 0x000000076bb00000)
  object space 175104K, 9% used [0x00000006c3000000,0x00000006c3f7bc98,0x00000006cdb00000)
 Metaspace       used 56348K, capacity 59108K, committed 59160K, reserved 1099776K
  class space    used 7737K, capacity 8194K, committed 8240K, reserved 1048576K
}
Event: 9.843 GC heap before
{Heap before GC invocations=12 (full 3):
 PSYoungGen      total 192512K, used 15846K [0x000000076bb00000, 0x000000077b400000, 0x00000007c0000000)
  eden space 176640K, 0% used [0x000000076bb00000,0x000000076bb00000,0x0000000776780000)
  from space 15872K, 99% used [0x0000000776780000,0x00000007776f99b0,0x0000000777700000)
  to   space 18432K, 0% used [0x000000077a200000,0x000000077a200000,0x000000077b400000)
 ParOldGen       total 175104K, used 15855K [0x00000006c3000000, 0x00000006cdb00000, 0x000000076bb00000)
  object space 175104K, 9% used [0x00000006c3000000,0x00000006c3f7bc98,0x00000006cdb00000)
 Metaspace       used 56348K, capacity 59108K, committed 59160K, reserved 1099776K
  class space    used 7737K, capacity 8194K, committed 8240K, reserved 1048576K
Event: 10.070 GC heap after
Heap after GC invocations=12 (full 3):
 PSYoungGen      total 192512K, used 0K [0x000000076bb00000, 0x000000077b400000, 0x00000007c0000000)
  eden space 176640K, 0% used [0x000000076bb00000,0x000000076bb00000,0x0000000776780000)
  from space 15872K, 0% used [0x0000000776780000,0x0000000776780000,0x0000000777700000)
  to   space 18432K, 0% used [0x000000077a200000,0x000000077a200000,0x000000077b400000)
 ParOldGen       total 175104K, used 28022K [0x00000006c3000000, 0x00000006cdb00000, 0x000000076bb00000)
  object space 175104K, 16% used [0x00000006c3000000,0x00000006c4b5d888,0x00000006cdb00000)
 Metaspace       used 56348K, capacity 59108K, committed 59160K, reserved 1099776K
  class space    used 7737K, capacity 8194K, committed 8240K, reserved 1048576K
}

Deoptimization events (10 events):
Event: 10.568 Thread 0x00000000207eb800 Uncommon trap: reason=unstable_if action=reinterpret pc=0x000000000362b7c0 method=java.util.HashMap.putVal(ILjava/lang/Object;Ljava/lang/Object;ZZ)Ljava/lang/Object; @ 162
Event: 10.568 Thread 0x00000000207eb800 Uncommon trap: reason=unstable_if action=reinterpret pc=0x000000000349e7b0 method=java.util.HashMap.getNode(ILjava/lang/Object;)Ljava/util/HashMap$Node; @ 84
Event: 10.568 Thread 0x00000000207eb800 Uncommon trap: reason=unstable_if action=reinterpret pc=0x0000000003597908 method=java.util.HashMap.putVal(ILjava/lang/Object;Ljava/lang/Object;ZZ)Ljava/lang/Object; @ 109
Event: 10.568 Thread 0x00000000207eb800 Uncommon trap: reason=unstable_if action=reinterpret pc=0x00000000034a2b58 method=java.util.HashMap.getNode(ILjava/lang/Object;)Ljava/util/HashMap$Node; @ 84
Event: 10.573 Thread 0x00000000207eb800 Uncommon trap: reason=unstable_if action=reinterpret pc=0x0000000003c33654 method=java.util.concurrent.ConcurrentHashMap.putVal(Ljava/lang/Object;Ljava/lang/Object;Z)Ljava/lang/Object; @ 331
Event: 10.574 Thread 0x00000000207eb800 Uncommon trap: reason=unstable_if action=reinterpret pc=0x0000000003b8289c method=java.util.concurrent.ConcurrentHashMap.get(Ljava/lang/Object;)Ljava/lang/Object; @ 86
Event: 10.724 Thread 0x00000000207eb800 Uncommon trap: reason=unstable_if action=reinterpret pc=0x00000000036a8388 method=java.io.WinNTFileSystem.isLetter(C)Z @ 3
Event: 10.741 Thread 0x00000000207eb800 Uncommon trap: reason=unstable_if action=reinterpret pc=0x0000000003cd5318 method=org.springframework.beans.factory.support.AbstractBeanFactory.isTypeMatch(Ljava/lang/String;Lorg/springframework/core/ResolvableType;Z)Z @ 34
Event: 10.884 Thread 0x00000000207eb800 Uncommon trap: reason=unstable_if action=reinterpret pc=0x000000000403db7c method=java.lang.Class.privateGetMethodRecursive(Ljava/lang/String;[Ljava/lang/Class;ZLjava/lang/Class$MethodArray;)Ljava/lang/reflect/Method; @ 28
Event: 10.884 Thread 0x00000000207eb800 Uncommon trap: reason=unstable_if action=reinterpret pc=0x0000000003f8b828 method=java.lang.Class.privateGetMethodRecursive(Ljava/lang/String;[Ljava/lang/Class;ZLjava/lang/Class$MethodArray;)Ljava/lang/reflect/Method; @ 28

Classes redefined (0 events):
No events

Internal exceptions (10 events):
Event: 9.523 Thread 0x00000000207eb800 Exception <a 'java/lang/ClassNotFoundException': org/springframework/context/ApplicationListenerCustomizer> (0x0000000773117e20) thrown at [C:\ade\jenkins\workspace\8-2-build-windows-amd64-cygwin\jdk8u241\331\hotspot\src\share\vm\classfile\systemDictionar
Event: 9.524 Thread 0x00000000207eb800 Exception <a 'java/lang/ClassNotFoundException': java/util/EventListenerCustomizer> (0x00000007731240e8) thrown at [C:\ade\jenkins\workspace\8-2-build-windows-amd64-cygwin\jdk8u241\331\hotspot\src\share\vm\classfile\systemDictionary.cpp, line 210]
Event: 9.524 Thread 0x00000000207eb800 Exception <a 'java/lang/ClassNotFoundException': org/springframework/beans/factory/InitializingBeanCustomizer> (0x00000007731401b8) thrown at [C:\ade\jenkins\workspace\8-2-build-windows-amd64-cygwin\jdk8u241\331\hotspot\src\share\vm\classfile\systemDictio
Event: 10.193 Thread 0x00000000207eb800 Exception <a 'java/lang/ClassNotFoundException': java/lang/ObjectCustomizer> (0x000000076c0c53f0) thrown at [C:\ade\jenkins\workspace\8-2-build-windows-amd64-cygwin\jdk8u241\331\hotspot\src\share\vm\classfile\systemDictionary.cpp, line 210]
Event: 10.194 Thread 0x00000000207eb800 Exception <a 'java/lang/ClassNotFoundException': org/springframework/security/config/annotation/web/configuration/WebSecurityConfigurationCustomizer> (0x000000076c0f00e8) thrown at [C:\ade\jenkins\workspace\8-2-build-windows-amd64-cygwin\jdk8u241\331\hots
Event: 10.196 Thread 0x00000000207eb800 Exception <a 'java/lang/ClassNotFoundException': org/springframework/context/annotation/ImportAwareCustomizer> (0x000000076c119f60) thrown at [C:\ade\jenkins\workspace\8-2-build-windows-amd64-cygwin\jdk8u241\331\hotspot\src\share\vm\classfile\systemDictio
Event: 10.197 Thread 0x00000000207eb800 Exception <a 'java/lang/ClassNotFoundException': org/springframework/beans/factory/AwareCustomizer> (0x000000076c1324b0) thrown at [C:\ade\jenkins\workspace\8-2-build-windows-amd64-cygwin\jdk8u241\331\hotspot\src\share\vm\classfile\systemDictionary.cpp, l
Event: 10.197 Thread 0x00000000207eb800 Exception <a 'java/lang/ClassNotFoundException': org/springframework/beans/factory/BeanClassLoaderAwareCustomizer> (0x000000076c14e308) thrown at [C:\ade\jenkins\workspace\8-2-build-windows-amd64-cygwin\jdk8u241\331\hotspot\src\share\vm\classfile\systemDi
Event: 10.198 Thread 0x00000000207eb800 Exception <a 'java/lang/ClassNotFoundException': org/springframework/beans/factory/AwareCustomizer> (0x000000076c166838) thrown at [C:\ade\jenkins\workspace\8-2-build-windows-amd64-cygwin\jdk8u241\331\hotspot\src\share\vm\classfile\systemDictionary.cpp, l
Event: 10.751 Thread 0x00000000207eb800 Exception <a 'java/lang/IncompatibleClassChangeError': Found class java.lang.Object, but interface was expected> (0x000000076eda4160) thrown at [C:\ade\jenkins\workspace\8-2-build-windows-amd64-cygwin\jdk8u241\331\hotspot\src\share\vm\interpreter\linkReso

Events (10 events):
Event: 10.923 Thread 0x00000000207eb800 DEOPT PACKING pc=0x00000000032bb7a8 sp=0x000000002149d8a0
Event: 10.923 Thread 0x00000000207eb800 DEOPT UNPACKING pc=0x0000000003007890 sp=0x000000002149d570 mode 1
Event: 10.925 loading class org/springframework/context/support/DefaultLifecycleProcessor
Event: 10.925 loading class org/springframework/context/support/DefaultLifecycleProcessor done
Event: 10.925 Thread 0x00000000207eb800 DEOPT PACKING pc=0x00000000032bb7a8 sp=0x000000002149d910
Event: 10.925 Thread 0x00000000207eb800 DEOPT UNPACKING pc=0x0000000003007890 sp=0x000000002149d5e0 mode 1
Event: 10.928 loading class org/springframework/context/Lifecycle
Event: 10.928 loading class org/springframework/context/Lifecycle done
Event: 10.928 loading class org/springframework/context/support/DefaultLifecycleProcessor
Event: 10.928 loading class org/springframework/context/support/DefaultLifecycleProcessor done


Dynamic libraries:
0x00007ff6e2ca0000 - 0x00007ff6e2cd7000 	C:\Program Files\Java\jdk1.8.0_241\bin\java.exe
0x00007fff46660000 - 0x00007fff46850000 	C:\Windows\SYSTEM32\ntdll.dll
0x00007fff45ea0000 - 0x00007fff45f52000 	C:\Windows\System32\KERNEL32.DLL
0x00007fff44010000 - 0x00007fff442b5000 	C:\Windows\System32\KERNELBASE.dll
0x00007fff45340000 - 0x00007fff453e3000 	C:\Windows\System32\ADVAPI32.dll
0x00007fff448d0000 - 0x00007fff4496e000 	C:\Windows\System32\msvcrt.dll
0x00007fff45470000 - 0x00007fff45507000 	C:\Windows\System32\sechost.dll
0x00007fff459d0000 - 0x00007fff45af0000 	C:\Windows\System32\RPCRT4.dll
0x00007fff451a0000 - 0x00007fff45334000 	C:\Windows\System32\USER32.dll
0x00007fff435f0000 - 0x00007fff43611000 	C:\Windows\System32\win32u.dll
0x00007fff45510000 - 0x00007fff45536000 	C:\Windows\System32\GDI32.dll
0x00007fff44450000 - 0x00007fff445e6000 	C:\Windows\System32\gdi32full.dll
0x00007fff44670000 - 0x00007fff4470e000 	C:\Windows\System32\msvcp_win.dll
0x00007fff442c0000 - 0x00007fff443ba000 	C:\Windows\System32\ucrtbase.dll
0x00007fff32a50000 - 0x00007fff32cd4000 	C:\Windows\WinSxS\amd64_microsoft.windows.common-controls_6595b64144ccf1df_6.0.18362.1139_none_9e7bf2d3e4605ac6\COMCTL32.dll
0x00007fff45b60000 - 0x00007fff45e95000 	C:\Windows\System32\combase.dll
0x00007fff445f0000 - 0x00007fff44670000 	C:\Windows\System32\bcryptPrimitives.dll
0x00007fff45170000 - 0x00007fff4519e000 	C:\Windows\System32\IMM32.DLL
0x00000000601b0000 - 0x0000000060282000 	C:\Program Files\Java\jdk1.8.0_241\jre\bin\msvcr100.dll
0x000000005f900000 - 0x00000000601ac000 	C:\Program Files\Java\jdk1.8.0_241\jre\bin\server\jvm.dll
0x00007fff463e0000 - 0x00007fff463e8000 	C:\Windows\System32\PSAPI.DLL
0x00007fff2eb50000 - 0x00007fff2eb59000 	C:\Windows\SYSTEM32\WSOCK32.dll
0x00007fff453f0000 - 0x00007fff4545f000 	C:\Windows\System32\WS2_32.dll
0x00007fff31440000 - 0x00007fff31464000 	C:\Windows\SYSTEM32\WINMM.dll
0x00007fff39d20000 - 0x00007fff39d2a000 	C:\Windows\SYSTEM32\VERSION.dll
0x00007fff312e0000 - 0x00007fff3130d000 	C:\Windows\SYSTEM32\WINMMBASE.dll
0x00007fff43620000 - 0x00007fff4366a000 	C:\Windows\System32\cfgmgr32.dll
0x00007fff365e0000 - 0x00007fff365ef000 	C:\Program Files\Java\jdk1.8.0_241\jre\bin\verify.dll
0x00007fff34200000 - 0x00007fff34229000 	C:\Program Files\Java\jdk1.8.0_241\jre\bin\java.dll
0x00007fff29f80000 - 0x00007fff29fb5000 	C:\Program Files\Java\jdk1.8.0_241\jre\bin\jdwp.dll
0x00007fff36460000 - 0x00007fff36468000 	C:\Program Files\Java\jdk1.8.0_241\jre\bin\npt.dll
0x00007fff342a0000 - 0x00007fff342b6000 	C:\Program Files\Java\jdk1.8.0_241\jre\bin\zip.dll
0x00007fff44a80000 - 0x00007fff45167000 	C:\Windows\System32\SHELL32.dll
0x00007fff44970000 - 0x00007fff44a19000 	C:\Windows\System32\shcore.dll
0x00007fff437c0000 - 0x00007fff43f40000 	C:\Windows\System32\windows.storage.dll
0x00007fff43530000 - 0x00007fff43553000 	C:\Windows\System32\profapi.dll
0x00007fff435a0000 - 0x00007fff435ea000 	C:\Windows\System32\powrprof.dll
0x00007fff43520000 - 0x00007fff43530000 	C:\Windows\System32\UMPDC.dll
0x00007fff44860000 - 0x00007fff448b2000 	C:\Windows\System32\shlwapi.dll
0x00007fff43580000 - 0x00007fff43591000 	C:\Windows\System32\kernel.appcore.dll
0x00007fff43f40000 - 0x00007fff43f57000 	C:\Windows\System32\cryptsp.dll
0x00007fff34ed0000 - 0x00007fff34ed9000 	C:\Program Files\Java\jdk1.8.0_241\jre\bin\dt_socket.dll
0x00007fff42d70000 - 0x00007fff42dd7000 	C:\Windows\system32\mswsock.dll
0x00007fff3a8e0000 - 0x00007fff3a8ed000 	C:\Program Files\Java\jdk1.8.0_241\jre\bin\management.dll
0x00007fff34020000 - 0x00007fff3403a000 	C:\Program Files\Java\jdk1.8.0_241\jre\bin\net.dll
0x00007fff2f140000 - 0x00007fff2f156000 	C:\Windows\system32\napinsp.dll
0x00007fff2f120000 - 0x00007fff2f13a000 	C:\Windows\system32\pnrpnsp.dll
0x00007fff42ac0000 - 0x00007fff42b8b000 	C:\Windows\SYSTEM32\DNSAPI.dll
0x00007fff448c0000 - 0x00007fff448c8000 	C:\Windows\System32\NSI.dll
0x00007fff42a80000 - 0x00007fff42aba000 	C:\Windows\SYSTEM32\IPHLPAPI.DLL
0x00007fff2f110000 - 0x00007fff2f11e000 	C:\Windows\System32\winrnr.dll
0x00007fff3bc30000 - 0x00007fff3bc4c000 	C:\Windows\system32\NLAapi.dll
0x00007fff3baa0000 - 0x00007fff3bab5000 	C:\Windows\system32\wshbth.dll
0x00007fff38de0000 - 0x00007fff38dea000 	C:\Windows\System32\rasadhlp.dll
0x00007fff38c00000 - 0x00007fff38c77000 	C:\Windows\System32\fwpuclnt.dll
0x00007fff443c0000 - 0x00007fff443e6000 	C:\Windows\System32\bcrypt.dll
0x00007fff34000000 - 0x00007fff34012000 	C:\Program Files\Java\jdk1.8.0_241\jre\bin\nio.dll
0x00007fff428e0000 - 0x00007fff42913000 	C:\Windows\system32\rsaenh.dll
0x00007fff43440000 - 0x00007fff43465000 	C:\Windows\SYSTEM32\USERENV.dll
0x00007fff42f40000 - 0x00007fff42f4c000 	C:\Windows\SYSTEM32\CRYPTBASE.dll
0x00007fff39300000 - 0x00007fff39316000 	C:\Windows\SYSTEM32\dhcpcsvc6.DLL
0x00007fff392e0000 - 0x00007fff392fc000 	C:\Windows\SYSTEM32\dhcpcsvc.DLL
0x00007fff29c90000 - 0x00007fff29cb4000 	C:\Program Files\Java\jdk1.8.0_241\jre\bin\sunec.dll

VM Arguments:
jvm_args: -agentlib:jdwp=transport=dt_socket,server=n,suspend=y,address=57054 -Dfile.encoding=windows-1252 -Duser.country=BR -Duser.language=pt -Duser.variant 
java_command: br.com.eds.ecomerce.api.EcomerceApplication
java_class_path (initial): D:\Cursos\Udemy\ecomerce\build\classes\java\main;D:\Cursos\Udemy\ecomerce\build\resources\main;C:\Users\emanu\.gradle\caches\modules-2\files-2.1\io.springfox\springfox-swagger2\2.6.1\73c3a70ec0b10b61c8eb9ef1659131cd78dbbd82\springfox-swagger2-2.6.1.jar;C:\Users\emanu\.gradle\caches\modules-2\files-2.1\io.springfox\springfox-swagger-ui\2.6.1\4c854c86c91ab36c86fc1a63571a0614c2ea9ab2\springfox-swagger-ui-2.6.1.jar;C:\Users\emanu\.gradle\caches\modules-2\files-2.1\org.ehcache\ehcache\3.1.0\95ed9af94a27c3100a3c61020d0564a7d3395c0a\ehcache-3.1.0.jar;C:\Users\emanu\.gradle\caches\modules-2\files-2.1\com.h2database\h2\1.4.200\f7533fe7cb8e99c87a43d325a77b4b678ad9031a\h2-1.4.200.jar;C:\Users\emanu\.gradle\caches\modules-2\files-2.1\org.springframework.boot\spring-boot-devtools\2.2.1.RELEASE\7bff398995dc4fa458441f4bf7673981dfedc6de\spring-boot-devtools-2.2.1.RELEASE.jar;C:\Users\emanu\.gradle\caches\modules-2\files-2.1\org.springframework.boot\spring-boot-starter-data-jpa\2.2.1.RELEASE\dace86df26aaec8a948ffacd7d46d11c366af527\spring-boot-starter-data-jpa-2.2.1.RELEASE.jar;C:\Users\emanu\.gradle\caches\modules-2\files-2.1\org.springframework.boot\spring-boot-starter-security\2.2.1.RELEASE\e4da6523a76cf59308214a0f76be61ad8659afb7\spring-boot-starter-security-2.2.1.RELEASE.jar;C:\Users\emanu\.gradle\caches\modules-2\files-2.1\org.springframework.boot\spring-boot-starter-web\2.2.1.RELEASE\689213aca6e25e2aa9b377e61273aa3d31f30f60\spring-boot-starter-web-2.2.1.RELEASE.jar;C:\Users\emanu\.gradle\caches\modules-2\files-2.1\org.springframework.boot\spring-boot-starter-validation\2.2.1.RELEASE\ea5bd9055951afe28f64a96524bfd0bf0d362313\spring-boot-starter-validation-2.2.1.RELEASE.jar;C:\Users\emanu\.gradle\caches\modules-2\files-2.1\org.springframework.boot\spring-boot-starter-aop\2.2.1.RELEASE\f5f9988e816634100840c7f570763ea7e5e907d9\spring-boot-starter-aop-2.2.1.RELEASE.jar;C:\Users\emanu\.gradle\caches\modules-2\files-2.1\org.springframework.boot\spring-boo
Launcher Type: SUN_STANDARD

Environment Variables:
JAVA_HOME=C:\Program Files\Java\jdk1.8.0_241\
PATH=C:\app\emanu\product\18.0.0\dbhomeXE\bin;C:\Program Files (x86)\Common Files\Oracle\Java\javapath;C:\Windows\system32;C:\Windows;C:\Windows\System32\Wbem;C:\Windows\System32\WindowsPowerShell\v1.0\;C:\Windows\System32\OpenSSH\;C:\Program Files (x86)\Intel\Intel(R) Management Engine Components\DAL;C:\Program Files\Intel\Intel(R) Management Engine Components\DAL;C:\Program Files (x86)\NVIDIA Corporation\PhysX\Common;C:\Program Files\NVIDIA Corporation\NVIDIA NvDLISR;C:\Program Files\Microsoft VS Code\bin;C:\Program Files\Git\cmd;D:\OPAH\util\apache-maven-3.6.3\bin;C:\Program Files\Java\jdk1.8.0_241\bin;C:\Program Files\MongoDB\Server\4.2\bin;C:\Program Files\nodejs\;C:\Program Files\PuTTY\;C:\Users\emanu\AppData\Local\Microsoft\WindowsApps;D:\OPAH\util\apache-maven-3.6.3\apache-maven\src\bin;C:\Users\emanu\AppData\Roaming\npm;
USERNAME=emanu
OS=Windows_NT
PROCESSOR_IDENTIFIER=Intel64 Family 6 Model 142 Stepping 12, GenuineIntel



---------------  S Y S T E M  ---------------

OS: Windows 10.0 , 64 bit Build 18362 (10.0.18362.1110)

CPU:total 8 (initial active 8) (4 cores per cpu, 2 threads per core) family 6 model 142 stepping 12, cmov, cx8, fxsr, mmx, sse, sse2, sse3, ssse3, sse4.1, sse4.2, popcnt, avx, avx2, aes, clmul, erms, 3dnowpref, lzcnt, ht, tsc, tscinvbit, bmi1, bmi2, adx

Memory: 4k page, physical 16580004k(3039060k free), swap 30114080k(5144k free)

vm_info: Java HotSpot(TM) 64-Bit Server VM (25.241-b07) for windows-amd64 JRE (1.8.0_241-b07), built on Dec 11 2019 10:21:40 by "rejava" with MS VC++ 10.0 (VS2010)

time: Tue Oct 20 20:05:49 2020
timezone: Hora Padrão da Bahia
elapsed time: 10 seconds (0d 0h 0m 10s)

