#
# There is insufficient memory for the Java Runtime Environment to continue.
# Native memory allocation (malloc) failed to allocate 944896 bytes for Chunk::new
# Possible reasons:
#   The system is out of physical RAM or swap space
#   The process is running with CompressedOops enabled, and the Java Heap may be blocking the growth of the native heap
# Possible solutions:
#   Reduce memory load on the system
#   Increase physical memory or swap space
#   Check if swap backing store is full
#   Decrease Java heap size (-Xmx/-Xms)
#   Decrease number of Java threads
#   Decrease Java thread stack sizes (-Xss)
#   Set larger code cache with -XX:ReservedCodeCacheSize=
#   JVM is running with Unscaled Compressed Oops mode in which the Java heap is
#     placed in the first 4GB address space. The Java Heap base address is the
#     maximum limit for the native heap growth. Please use -XX:HeapBaseMinAddress
#     to set the Java Heap base and to place the Java Heap above 4GB virtual address.
# This output file may be truncated or incomplete.
#
#  Out of Memory Error (allocation.cpp:389), pid=74592, tid=0x0000000000001364
#
# JRE version: Java(TM) SE Runtime Environment (8.0_241-b07) (build 1.8.0_241-b07)
# Java VM: Java HotSpot(TM) 64-Bit Server VM (25.241-b07 mixed mode windows-amd64 compressed oops)
# Failed to write core dump. Minidumps are not enabled by default on client versions of Windows
#

---------------  T H R E A D  ---------------

Current thread (0x0000000015dac800):  JavaThread "C2 CompilerThread2" daemon [_thread_in_native, id=4964, stack(0x0000000016890000,0x0000000016990000)]

Stack: [0x0000000016890000,0x0000000016990000]
[error occurred during error reporting (printing stack bounds), id 0xc0000005]

Native frames: (J=compiled Java code, j=interpreted, Vv=VM code, C=native code)


Current CompileTask:
C2:   8158 5397   !   4       io.spring.gradle.dependencymanagement.org.codehaus.plexus.interpolation.StringSearchInterpolator::interpolate (665 bytes)


---------------  P R O C E S S  ---------------

Java Threads: ( => current thread )
  0x0000000018024000 JavaThread "Cache worker for execution history cache (D:\Cursos\Udemy\ecomerce\.gradle\6.6.1\executionHistory)" [_thread_blocked, id=73504, stack(0x00000000227a0000,0x00000000228a0000)]
  0x0000000018023800 JavaThread "Execution worker for ':' Thread 7" [_thread_blocked, id=56592, stack(0x00000000226a0000,0x00000000227a0000)]
  0x0000000018026800 JavaThread "Execution worker for ':' Thread 6" [_thread_blocked, id=47848, stack(0x00000000225a0000,0x00000000226a0000)]
  0x000000001801b800 JavaThread "Execution worker for ':' Thread 5" [_thread_blocked, id=73416, stack(0x00000000224a0000,0x00000000225a0000)]
  0x000000001801b000 JavaThread "Execution worker for ':' Thread 4" [_thread_blocked, id=54736, stack(0x00000000223a0000,0x00000000224a0000)]
  0x000000001801f800 JavaThread "Execution worker for ':' Thread 3" [_thread_blocked, id=74072, stack(0x00000000222a0000,0x00000000223a0000)]
  0x0000000018022000 JavaThread "Execution worker for ':' Thread 2" [_thread_in_Java, id=73972, stack(0x00000000221a0000,0x00000000222a0000)]
  0x000000001801d000 JavaThread "Execution worker for ':'" [_thread_in_Java, id=67412, stack(0x00000000220a0000,0x00000000221a0000)]
  0x000000001801c800 JavaThread "Cache worker for file content cache (D:\Cursos\Udemy\ecomerce\.gradle\6.6.1\fileContent)" [_thread_blocked, id=72212, stack(0x0000000021fa0000,0x00000000220a0000)]
  0x0000000018021000 JavaThread "Memory manager" [_thread_blocked, id=74436, stack(0x0000000021ea0000,0x0000000021fa0000)]
  0x000000001801a000 JavaThread "jar transforms Thread 8" [_thread_blocked, id=70180, stack(0x00000000219a0000,0x0000000021aa0000)]
  0x000000001801e000 JavaThread "jar transforms Thread 7" [_thread_blocked, id=69720, stack(0x00000000218a0000,0x00000000219a0000)]
  0x000000001b3fd800 JavaThread "jar transforms Thread 6" [_thread_blocked, id=74200, stack(0x00000000217a0000,0x00000000218a0000)]
  0x000000001b3fc800 JavaThread "jar transforms Thread 5" [_thread_blocked, id=67544, stack(0x00000000216a0000,0x00000000217a0000)]
  0x000000001b3f9800 JavaThread "jar transforms Thread 4" [_thread_blocked, id=72240, stack(0x00000000215a0000,0x00000000216a0000)]
  0x000000001b3fc000 JavaThread "jar transforms Thread 3" [_thread_blocked, id=68944, stack(0x00000000214a0000,0x00000000215a0000)]
  0x000000001b3fb000 JavaThread "jar transforms Thread 2" [_thread_blocked, id=61308, stack(0x00000000213a0000,0x00000000214a0000)]
  0x000000001b3fa800 JavaThread "Build operations Thread 8" [_thread_blocked, id=70976, stack(0x00000000212a0000,0x00000000213a0000)]
  0x000000001b3f9000 JavaThread "Build operations Thread 7" [_thread_blocked, id=60820, stack(0x00000000211a0000,0x00000000212a0000)]
  0x000000001b3f5800 JavaThread "Build operations Thread 6" [_thread_blocked, id=70512, stack(0x00000000210a0000,0x00000000211a0000)]
  0x000000001b3f2800 JavaThread "Build operations Thread 5" [_thread_blocked, id=72104, stack(0x0000000020fa0000,0x00000000210a0000)]
  0x000000001b3f1000 JavaThread "Build operations Thread 4" [_thread_blocked, id=74524, stack(0x0000000020ea0000,0x0000000020fa0000)]
  0x000000001b3f8000 JavaThread "Build operations Thread 3" [_thread_blocked, id=71544, stack(0x0000000020da0000,0x0000000020ea0000)]
  0x000000001b3f5000 JavaThread "Build operations Thread 2" [_thread_blocked, id=70156, stack(0x0000000020ca0000,0x0000000020da0000)]
  0x000000001b3f7800 JavaThread "Build operations" [_thread_blocked, id=73764, stack(0x0000000020ba0000,0x0000000020ca0000)]
  0x000000001b3f3800 JavaThread "Cache worker for Build Output Cleanup Cache (D:\Cursos\Udemy\ecomerce\.gradle\buildOutputCleanup)" [_thread_blocked, id=73684, stack(0x00000000208a0000,0x00000000209a0000)]
  0x000000001b3f4000 JavaThread "Cache worker for file content cache (C:\Users\emanu\.gradle\caches\6.6.1\fileContent)" [_thread_blocked, id=72860, stack(0x000000001f1d0000,0x000000001f2d0000)]
  0x000000001b3ef000 JavaThread "jar transforms" [_thread_blocked, id=72908, stack(0x000000001ecd0000,0x000000001edd0000)]
  0x000000001b3f0800 JavaThread "Cache worker for execution history cache (C:\Users\emanu\.gradle\caches\6.6.1\executionHistory)" [_thread_blocked, id=73368, stack(0x000000001e9d0000,0x000000001ead0000)]
  0x00000000188ec800 JavaThread "Cache worker for cache directory md-rule (C:\Users\emanu\.gradle\caches\6.6.1\md-rule)" [_thread_blocked, id=66760, stack(0x000000001e8d0000,0x000000001e9d0000)]
  0x00000000188e6800 JavaThread "Cache worker for cache directory md-supplier (C:\Users\emanu\.gradle\caches\6.6.1\md-supplier)" [_thread_blocked, id=72696, stack(0x000000001d370000,0x000000001d470000)]
  0x00000000188eb000 JavaThread "Cache worker for checksums cache (D:\Cursos\Udemy\ecomerce\.gradle\checksums)" [_thread_blocked, id=73824, stack(0x000000001d070000,0x000000001d170000)]
  0x00000000188e9800 JavaThread "Cache worker for file hash cache (D:\Cursos\Udemy\ecomerce\.gradle\6.6.1\fileHashes)" [_thread_blocked, id=73076, stack(0x000000001e4e0000,0x000000001e5e0000)]
  0x00000000188ea000 JavaThread "Cache worker for journal cache (C:\Users\emanu\.gradle\caches\journal-1)" [_thread_blocked, id=59692, stack(0x000000001add0000,0x000000001aed0000)]
  0x00000000188eb800 JavaThread "File lock request listener" [_thread_in_native, id=41152, stack(0x000000001acd0000,0x000000001add0000)]
  0x00000000188e8800 JavaThread "Cache worker for file hash cache (C:\Users\emanu\.gradle\caches\6.6.1\fileHashes)" [_thread_blocked, id=71984, stack(0x000000001abd0000,0x000000001acd0000)]
  0x00000000188e5800 JavaThread "Thread-9" [_thread_blocked, id=72476, stack(0x000000001a8d0000,0x000000001a9d0000)]
  0x00000000188e8000 JavaThread "Stdin handler" [_thread_blocked, id=65544, stack(0x000000001a7d0000,0x000000001a8d0000)]
  0x00000000188e7000 JavaThread "Asynchronous log dispatcher for DefaultDaemonConnection: socket connection from /127.0.0.1:56702 to /127.0.0.1:56703" [_thread_blocked, id=59260, stack(0x000000001a6d0000,0x000000001a7d0000)]
  0x00000000188f7000 JavaThread "Daemon worker" [_thread_blocked, id=70708, stack(0x000000001a5d0000,0x000000001a6d0000)]
  0x00000000188f5800 JavaThread "Cancel handler" [_thread_blocked, id=6452, stack(0x000000001a3d0000,0x000000001a4d0000)]
  0x000000001889d800 JavaThread "Handler for socket connection from /127.0.0.1:56702 to /127.0.0.1:56703" [_thread_in_native, id=58528, stack(0x000000001a2d0000,0x000000001a3d0000)]
  0x0000000018895800 JavaThread "Daemon" [_thread_blocked, id=74176, stack(0x000000001a1d0000,0x000000001a2d0000)]
  0x0000000018876800 JavaThread "Daemon periodic checks" [_thread_blocked, id=73616, stack(0x0000000019ed0000,0x0000000019fd0000)]
  0x000000001882a800 JavaThread "Incoming local TCP Connector on port 56702" [_thread_in_native, id=73372, stack(0x0000000019c70000,0x0000000019d70000)]
  0x000000001781e800 JavaThread "Daemon health stats" [_thread_blocked, id=72688, stack(0x0000000019430000,0x0000000019530000)]
  0x0000000015e36800 JavaThread "Service Thread" daemon [_thread_blocked, id=16428, stack(0x0000000016a90000,0x0000000016b90000)]
  0x0000000015db4800 JavaThread "C1 CompilerThread3" daemon [_thread_blocked, id=44664, stack(0x0000000016990000,0x0000000016a90000)]
=>0x0000000015dac800 JavaThread "C2 CompilerThread2" daemon [_thread_in_native, id=4964, stack(0x0000000016890000,0x0000000016990000)]
  0x0000000015da6000 JavaThread "C2 CompilerThread1" daemon [_thread_in_native, id=74608, stack(0x0000000016790000,0x0000000016890000)]
  0x0000000015da3800 JavaThread "C2 CompilerThread0" daemon [_thread_in_native, id=10660, stack(0x0000000016690000,0x0000000016790000)]
  0x0000000015da0000 JavaThread "Attach Listener" daemon [_thread_blocked, id=72744, stack(0x0000000016590000,0x0000000016690000)]
  0x0000000015d9f000 JavaThread "Signal Dispatcher" daemon [_thread_blocked, id=74320, stack(0x0000000016490000,0x0000000016590000)]
  0x0000000002729000 JavaThread "Finalizer" daemon [_thread_blocked, id=57888, stack(0x0000000016270000,0x0000000016370000)]
  0x0000000013f9d800 JavaThread "Reference Handler" daemon [_thread_blocked, id=71756, stack(0x0000000016170000,0x0000000016270000)]
  0x0000000002632800 JavaThread "main" [_thread_blocked, id=73420, stack(0x00000000024e0000,0x00000000025e0000)]

Other Threads:
  0x0000000013f99000 VMThread [stack: 0x0000000015c70000,0x0000000015d70000] [id=71920]
  0x0000000015dc7800 WatcherThread [stack: 0x0000000016b90000,0x0000000016c90000] [id=57388]

VM state:not at safepoint (normal execution)

VM Mutex/Monitor currently owned by a thread: None

heap address: 0x00000000e0000000, size: 512 MB, Compressed Oops mode: 32-bit
Narrow klass base: 0x0000000000000000, Narrow klass shift: 3
Compressed class space size: 1073741824 Address: 0x0000000100000000

Heap:
 PSYoungGen      total 162304K, used 85596K [0x00000000f5580000, 0x0000000100000000, 0x0000000100000000)
  eden space 150016K, 48% used [0x00000000f5580000,0x00000000f9d1f148,0x00000000fe800000)
  from space 12288K, 99% used [0x00000000fe800000,0x00000000ff3f8030,0x00000000ff400000)
  to   space 12288K, 0% used [0x00000000ff400000,0x00000000ff400000,0x0000000100000000)
 ParOldGen       total 175104K, used 18885K [0x00000000e0000000, 0x00000000eab00000, 0x00000000f5580000)
  object space 175104K, 10% used [0x00000000e0000000,0x00000000e1271458,0x00000000eab00000)
 Metaspace       used 45906K, capacity 48368K, committed 48640K, reserved 1091584K
  class space    used 6579K, capacity 7056K, committed 7168K, reserved 1048576K

Card table byte_map: [0x0000000011af0000,0x0000000011c00000] byte_map_base: 0x00000000113f0000

Marking Bits: (ParMarkBitMap*) 0x000000006012be30
 Begin Bits: [0x00000000124b0000, 0x0000000012cb0000)
 End Bits:   [0x0000000012cb0000, 0x00000000134b0000)

Polling page: 0x00000000025e0000

CodeCache: size=245760Kb used=16759Kb max_used=16759Kb free=229000Kb
 bounds [0x0000000002730000, 0x00000000037a0000, 0x0000000011730000]
 total_blobs=5631 nmethods=4908 adapters=635
 compilation: enabled

Compilation events (10 events):
Event: 8.142 Thread 0x0000000015db4800 nmethod 5512 0x0000000003796450 code [0x00000000037965a0, 0x00000000037966b0]
Event: 8.148 Thread 0x0000000015db4800 5513       3       java.io.FileInputStream::available (5 bytes)
Event: 8.148 Thread 0x0000000015db4800 nmethod 5513 0x0000000003796a90 code [0x0000000003796c00, 0x0000000003796d88]
Event: 8.152 Thread 0x0000000015db4800 5515       1       io.spring.gradle.dependencymanagement.org.apache.maven.model.FileSet::getDirectory (5 bytes)
Event: 8.153 Thread 0x0000000015db4800 nmethod 5515 0x0000000003796e10 code [0x0000000003796f60, 0x0000000003797070]
Event: 8.154 Thread 0x0000000015db4800 5516       3       org.codehaus.groovy.util.ManagedReference::get (10 bytes)
Event: 8.155 Thread 0x0000000015db4800 nmethod 5516 0x00000000037970d0 code [0x0000000003797240, 0x0000000003797468]
Event: 8.155 Thread 0x0000000015db4800 5517       3       java.lang.invoke.LambdaForm$MH/276988655::linkToTargetMethod (10 bytes)
Event: 8.156 Thread 0x0000000015db4800 nmethod 5517 0x0000000003797510 code [0x0000000003797680, 0x0000000003797b18]
Event: 8.156 Thread 0x0000000015db4800 5518       3       java.lang.invoke.LambdaForm$DMH/333547805::invokeStatic_IL_L (15 bytes)

GC Heap History (10 events):
Event: 4.664 GC heap before
{Heap before GC invocations=7 (full 1):
 PSYoungGen      total 76288K, used 74172K [0x00000000f5580000, 0x00000000fd580000, 0x0000000100000000)
  eden space 65536K, 100% used [0x00000000f5580000,0x00000000f9580000,0x00000000f9580000)
  from space 10752K, 80% used [0x00000000f9580000,0x00000000f9def398,0x00000000fa000000)
  to   space 12288K, 0% used [0x00000000fc980000,0x00000000fc980000,0x00000000fd580000)
 ParOldGen       total 175104K, used 7402K [0x00000000e0000000, 0x00000000eab00000, 0x00000000f5580000)
  object space 175104K, 4% used [0x00000000e0000000,0x00000000e073ab80,0x00000000eab00000)
 Metaspace       used 33626K, capacity 34734K, committed 34944K, reserved 1079296K
  class space    used 4686K, capacity 4933K, committed 4992K, reserved 1048576K
Event: 4.672 GC heap after
Heap after GC invocations=7 (full 1):
 PSYoungGen      total 115712K, used 9998K [0x00000000f5580000, 0x00000000fd400000, 0x0000000100000000)
  eden space 104960K, 0% used [0x00000000f5580000,0x00000000f5580000,0x00000000fbc00000)
  from space 10752K, 92% used [0x00000000fc980000,0x00000000fd3439d0,0x00000000fd400000)
  to   space 12288K, 0% used [0x00000000fbc00000,0x00000000fbc00000,0x00000000fc800000)
 ParOldGen       total 175104K, used 7410K [0x00000000e0000000, 0x00000000eab00000, 0x00000000f5580000)
  object space 175104K, 4% used [0x00000000e0000000,0x00000000e073cb80,0x00000000eab00000)
 Metaspace       used 33626K, capacity 34734K, committed 34944K, reserved 1079296K
  class space    used 4686K, capacity 4933K, committed 4992K, reserved 1048576K
}
Event: 4.776 GC heap before
{Heap before GC invocations=8 (full 1):
 PSYoungGen      total 115712K, used 20462K [0x00000000f5580000, 0x00000000fd400000, 0x0000000100000000)
  eden space 104960K, 9% used [0x00000000f5580000,0x00000000f5fb8010,0x00000000fbc00000)
  from space 10752K, 92% used [0x00000000fc980000,0x00000000fd3439d0,0x00000000fd400000)
  to   space 12288K, 0% used [0x00000000fbc00000,0x00000000fbc00000,0x00000000fc800000)
 ParOldGen       total 175104K, used 7410K [0x00000000e0000000, 0x00000000eab00000, 0x00000000f5580000)
  object space 175104K, 4% used [0x00000000e0000000,0x00000000e073cb80,0x00000000eab00000)
 Metaspace       used 34306K, capacity 35412K, committed 35496K, reserved 1079296K
  class space    used 4802K, capacity 5046K, committed 5120K, reserved 1048576K
Event: 4.787 GC heap after
Heap after GC invocations=8 (full 1):
 PSYoungGen      total 117248K, used 7104K [0x00000000f5580000, 0x0000000100000000, 0x0000000100000000)
  eden space 104960K, 0% used [0x00000000f5580000,0x00000000f5580000,0x00000000fbc00000)
  from space 12288K, 57% used [0x00000000fbc00000,0x00000000fc2f03f0,0x00000000fc800000)
  to   space 12288K, 0% used [0x00000000ff400000,0x00000000ff400000,0x0000000100000000)
 ParOldGen       total 175104K, used 7410K [0x00000000e0000000, 0x00000000eab00000, 0x00000000f5580000)
  object space 175104K, 4% used [0x00000000e0000000,0x00000000e073cb80,0x00000000eab00000)
 Metaspace       used 34306K, capacity 35412K, committed 35496K, reserved 1079296K
  class space    used 4802K, capacity 5046K, committed 5120K, reserved 1048576K
}
Event: 4.787 GC heap before
{Heap before GC invocations=9 (full 2):
 PSYoungGen      total 117248K, used 7104K [0x00000000f5580000, 0x0000000100000000, 0x0000000100000000)
  eden space 104960K, 0% used [0x00000000f5580000,0x00000000f5580000,0x00000000fbc00000)
  from space 12288K, 57% used [0x00000000fbc00000,0x00000000fc2f03f0,0x00000000fc800000)
  to   space 12288K, 0% used [0x00000000ff400000,0x00000000ff400000,0x0000000100000000)
 ParOldGen       total 175104K, used 7410K [0x00000000e0000000, 0x00000000eab00000, 0x00000000f5580000)
  object space 175104K, 4% used [0x00000000e0000000,0x00000000e073cb80,0x00000000eab00000)
 Metaspace       used 34306K, capacity 35412K, committed 35496K, reserved 1079296K
  class space    used 4802K, capacity 5046K, committed 5120K, reserved 1048576K
Event: 4.842 GC heap after
Heap after GC invocations=9 (full 2):
 PSYoungGen      total 117248K, used 0K [0x00000000f5580000, 0x0000000100000000, 0x0000000100000000)
  eden space 104960K, 0% used [0x00000000f5580000,0x00000000f5580000,0x00000000fbc00000)
  from space 12288K, 0% used [0x00000000fbc00000,0x00000000fbc00000,0x00000000fc800000)
  to   space 12288K, 0% used [0x00000000ff400000,0x00000000ff400000,0x0000000100000000)
 ParOldGen       total 175104K, used 13858K [0x00000000e0000000, 0x00000000eab00000, 0x00000000f5580000)
  object space 175104K, 7% used [0x00000000e0000000,0x00000000e0d88a88,0x00000000eab00000)
 Metaspace       used 34306K, capacity 35412K, committed 35496K, reserved 1079296K
  class space    used 4802K, capacity 5046K, committed 5120K, reserved 1048576K
}
Event: 5.989 GC heap before
{Heap before GC invocations=10 (full 2):
 PSYoungGen      total 117248K, used 104960K [0x00000000f5580000, 0x0000000100000000, 0x0000000100000000)
  eden space 104960K, 100% used [0x00000000f5580000,0x00000000fbc00000,0x00000000fbc00000)
  from space 12288K, 0% used [0x00000000fbc00000,0x00000000fbc00000,0x00000000fc800000)
  to   space 12288K, 0% used [0x00000000ff400000,0x00000000ff400000,0x0000000100000000)
 ParOldGen       total 175104K, used 13858K [0x00000000e0000000, 0x00000000eab00000, 0x00000000f5580000)
  object space 175104K, 7% used [0x00000000e0000000,0x00000000e0d88a88,0x00000000eab00000)
 Metaspace       used 40219K, capacity 42164K, committed 42368K, reserved 1085440K
  class space    used 5787K, capacity 6158K, committed 6272K, reserved 1048576K
Event: 5.999 GC heap after
Heap after GC invocations=10 (full 2):
 PSYoungGen      total 162304K, used 8366K [0x00000000f5580000, 0x0000000100000000, 0x0000000100000000)
  eden space 150016K, 0% used [0x00000000f5580000,0x00000000f5580000,0x00000000fe800000)
  from space 12288K, 68% used [0x00000000ff400000,0x00000000ffc2bb08,0x0000000100000000)
  to   space 12288K, 0% used [0x00000000fe800000,0x00000000fe800000,0x00000000ff400000)
 ParOldGen       total 175104K, used 13866K [0x00000000e0000000, 0x00000000eab00000, 0x00000000f5580000)
  object space 175104K, 7% used [0x00000000e0000000,0x00000000e0d8aa88,0x00000000eab00000)
 Metaspace       used 40219K, capacity 42164K, committed 42368K, reserved 1085440K
  class space    used 5787K, capacity 6158K, committed 6272K, reserved 1048576K
}
Event: 7.753 GC heap before
{Heap before GC invocations=11 (full 2):
 PSYoungGen      total 162304K, used 158382K [0x00000000f5580000, 0x0000000100000000, 0x0000000100000000)
  eden space 150016K, 100% used [0x00000000f5580000,0x00000000fe800000,0x00000000fe800000)
  from space 12288K, 68% used [0x00000000ff400000,0x00000000ffc2bb08,0x0000000100000000)
  to   space 12288K, 0% used [0x00000000fe800000,0x00000000fe800000,0x00000000ff400000)
 ParOldGen       total 175104K, used 13866K [0x00000000e0000000, 0x00000000eab00000, 0x00000000f5580000)
  object space 175104K, 7% used [0x00000000e0000000,0x00000000e0d8aa88,0x00000000eab00000)
 Metaspace       used 45771K, capacity 48290K, committed 48640K, reserved 1091584K
  class space    used 6576K, capacity 7055K, committed 7168K, reserved 1048576K
Event: 7.774 GC heap after
Heap after GC invocations=11 (full 2):
 PSYoungGen      total 162304K, used 12256K [0x00000000f5580000, 0x0000000100000000, 0x0000000100000000)
  eden space 150016K, 0% used [0x00000000f5580000,0x00000000f5580000,0x00000000fe800000)
  from space 12288K, 99% used [0x00000000fe800000,0x00000000ff3f8030,0x00000000ff400000)
  to   space 12288K, 0% used [0x00000000ff400000,0x00000000ff400000,0x0000000100000000)
 ParOldGen       total 175104K, used 18885K [0x00000000e0000000, 0x00000000eab00000, 0x00000000f5580000)
  object space 175104K, 10% used [0x00000000e0000000,0x00000000e1271458,0x00000000eab00000)
 Metaspace       used 45771K, capacity 48290K, committed 48640K, reserved 1091584K
  class space    used 6576K, capacity 7055K, committed 7168K, reserved 1048576K
}

Deoptimization events (10 events):
Event: 7.944 Thread 0x000000001801d000 Uncommon trap: reason=class_check action=maybe_recompile pc=0x000000000357db7c method=io.spring.gradle.dependencymanagement.org.apache.maven.model.interpolation.StringSearchModelInterpolator$InterpolateObjectAction.interpolateMapField(Ljava/lang/Object;Lj
Event: 7.944 Thread 0x000000001801d000 Uncommon trap: reason=class_check action=maybe_recompile pc=0x000000000357db7c method=io.spring.gradle.dependencymanagement.org.apache.maven.model.interpolation.StringSearchModelInterpolator$InterpolateObjectAction.interpolateMapField(Ljava/lang/Object;Lj
Event: 7.944 Thread 0x000000001801d000 Uncommon trap: reason=class_check action=maybe_recompile pc=0x000000000357db7c method=io.spring.gradle.dependencymanagement.org.apache.maven.model.interpolation.StringSearchModelInterpolator$InterpolateObjectAction.interpolateMapField(Ljava/lang/Object;Lj
Event: 8.007 Thread 0x000000001801d000 Uncommon trap: reason=unstable_if action=reinterpret pc=0x0000000003745f04 method=io.spring.gradle.dependencymanagement.org.codehaus.plexus.util.xml.pull.MXParser.nextImpl()I @ 280
Event: 8.044 Thread 0x000000001801d000 Uncommon trap: reason=unstable_if action=reinterpret pc=0x0000000002efb784 method=java.util.regex.Pattern.closure(Ljava/util/regex/Pattern$Node;)Ljava/util/regex/Pattern$Node; @ 182
Event: 8.044 Thread 0x000000001801d000 Uncommon trap: reason=class_check action=maybe_recompile pc=0x000000000374c8b8 method=java.util.regex.Pattern$Curly.study(Ljava/util/regex/Pattern$TreeInfo;)Z @ 31
Event: 8.045 Thread 0x000000001801d000 Uncommon trap: reason=class_check action=maybe_recompile pc=0x000000000374c8b8 method=java.util.regex.Pattern$Curly.study(Ljava/util/regex/Pattern$TreeInfo;)Z @ 31
Event: 8.045 Thread 0x000000001801d000 Uncommon trap: reason=unstable_if action=reinterpret pc=0x0000000002f01784 method=java.util.regex.Pattern$Curly.match(Ljava/util/regex/Matcher;ILjava/lang/CharSequence;)Z @ 45
Event: 8.048 Thread 0x000000001801d000 Uncommon trap: reason=class_check action=maybe_recompile pc=0x000000000357db7c method=io.spring.gradle.dependencymanagement.org.apache.maven.model.interpolation.StringSearchModelInterpolator$InterpolateObjectAction.interpolateMapField(Ljava/lang/Object;Lj
Event: 8.053 Thread 0x000000001801d000 Uncommon trap: reason=unstable_if action=reinterpret pc=0x0000000003123758 method=io.spring.gradle.dependencymanagement.org.apache.maven.model.validation.DefaultModelValidator.validateNotNull(Ljava/lang/String;Lio/spring/gradle/dependencymanagement/org/ap

Classes redefined (0 events):
No events

Internal exceptions (10 events):
Event: 6.422 Thread 0x00000000188f7000 Exception <a 'java/lang/NoSuchMethodError': java.lang.Object.lambda$static$0(Lorg/gradle/api/internal/tasks/TaskDependencyResolveContext;)V> (0x00000000f9005d60) thrown at [C:\ade\jenkins\workspace\8-2-build-windows-amd64-cygwin\jdk8u241\331\hotspot\src\s
Event: 6.552 Thread 0x00000000188f7000 Implicit null exception at 0x0000000003192f15 to 0x00000000031931fd
Event: 6.720 Thread 0x00000000188e5800 Exception <a 'java/lang/NoSuchMethodError': <clinit>> (0x00000000f5810cd0) thrown at [C:\ade\jenkins\workspace\8-2-build-windows-amd64-cygwin\jdk8u241\331\hotspot\src\share\vm\prims\jni.cpp, line 1614]
Event: 6.721 Thread 0x00000000188e5800 Exception <a 'java/lang/NoSuchMethodError': <clinit>> (0x00000000f58151e0) thrown at [C:\ade\jenkins\workspace\8-2-build-windows-amd64-cygwin\jdk8u241\331\hotspot\src\share\vm\prims\jni.cpp, line 1614]
Event: 6.722 Thread 0x00000000188e5800 Exception <a 'java/lang/NoSuchMethodError': <clinit>> (0x00000000f5821380) thrown at [C:\ade\jenkins\workspace\8-2-build-windows-amd64-cygwin\jdk8u241\331\hotspot\src\share\vm\prims\jni.cpp, line 1614]
Event: 6.723 Thread 0x00000000188e5800 Exception <a 'java/lang/NoSuchMethodError': <clinit>> (0x00000000f5832688) thrown at [C:\ade\jenkins\workspace\8-2-build-windows-amd64-cygwin\jdk8u241\331\hotspot\src\share\vm\prims\jni.cpp, line 1614]
Event: 6.723 Thread 0x00000000188e5800 Exception <a 'java/lang/NoSuchMethodError': <clinit>> (0x00000000f583b488) thrown at [C:\ade\jenkins\workspace\8-2-build-windows-amd64-cygwin\jdk8u241\331\hotspot\src\share\vm\prims\jni.cpp, line 1614]
Event: 6.820 Thread 0x000000001801d000 Exception <a 'java/lang/NoSuchMethodError': java.lang.Object.lambda$static$0(Lorg/gradle/internal/snapshot/SnapshotHierarchy$DiffCapturingUpdateFunction;Lorg/gradle/internal/snapshot/SnapshotHierarchy;)Lorg/gradle/internal/snapshot/SnapshotHierarchy;> (0x
Event: 7.212 Thread 0x000000001801d000 Implicit null exception at 0x00000000035346da to 0x0000000003535c8d
Event: 8.053 Thread 0x000000001801d000 Implicit null exception at 0x00000000031236ec to 0x0000000003123735

Events (10 events):
Event: 8.048 Thread 0x000000001801d000 Uncommon trap: trap_request=0xffffffde fr.pc=0x000000000357db7c
Event: 8.048 Thread 0x000000001801d000 DEOPT PACKING pc=0x000000000357db7c sp=0x000000002219a9d0
Event: 8.048 Thread 0x000000001801d000 DEOPT UNPACKING pc=0x000000000277583b sp=0x000000002219a938 mode 2
Event: 8.053 Thread 0x000000001801d000 Uncommon trap: trap_request=0xffffff65 fr.pc=0x0000000003123758
Event: 8.053 Thread 0x000000001801d000 DEOPT PACKING pc=0x0000000003123758 sp=0x000000002219b4c0
Event: 8.053 Thread 0x000000001801d000 DEOPT UNPACKING pc=0x000000000277583b sp=0x000000002219b420 mode 2
Event: 8.084 Executing VM operation: BulkRevokeBias
Event: 8.085 Executing VM operation: BulkRevokeBias done
Event: 8.106 loading class sun/nio/cs/ISO_8859_1$Decoder
Event: 8.106 loading class sun/nio/cs/ISO_8859_1$Decoder done


Dynamic libraries:
0x00007ff6e2ca0000 - 0x00007ff6e2cd7000 	C:\Program Files\Java\jdk1.8.0_241\bin\java.exe
0x00007fff46660000 - 0x00007fff46850000 	C:\Windows\SYSTEM32\ntdll.dll
0x00007fff45ea0000 - 0x00007fff45f52000 	C:\Windows\System32\KERNEL32.DLL
0x00007fff44010000 - 0x00007fff442b5000 	C:\Windows\System32\KERNELBASE.dll
0x00007fff45340000 - 0x00007fff453e3000 	C:\Windows\System32\ADVAPI32.dll
0x00007fff448d0000 - 0x00007fff4496e000 	C:\Windows\System32\msvcrt.dll
0x00007fff45470000 - 0x00007fff45507000 	C:\Windows\System32\sechost.dll
0x00007fff459d0000 - 0x00007fff45af0000 	C:\Windows\System32\RPCRT4.dll
0x00007fff451a0000 - 0x00007fff45334000 	C:\Windows\System32\USER32.dll
0x00007fff435f0000 - 0x00007fff43611000 	C:\Windows\System32\win32u.dll
0x00007fff45510000 - 0x00007fff45536000 	C:\Windows\System32\GDI32.dll
0x00007fff44450000 - 0x00007fff445e6000 	C:\Windows\System32\gdi32full.dll
0x00007fff44670000 - 0x00007fff4470e000 	C:\Windows\System32\msvcp_win.dll
0x00007fff442c0000 - 0x00007fff443ba000 	C:\Windows\System32\ucrtbase.dll
0x00007fff32a50000 - 0x00007fff32cd4000 	C:\Windows\WinSxS\amd64_microsoft.windows.common-controls_6595b64144ccf1df_6.0.18362.1139_none_9e7bf2d3e4605ac6\COMCTL32.dll
0x00007fff45b60000 - 0x00007fff45e95000 	C:\Windows\System32\combase.dll
0x00007fff445f0000 - 0x00007fff44670000 	C:\Windows\System32\bcryptPrimitives.dll
0x00007fff45170000 - 0x00007fff4519e000 	C:\Windows\System32\IMM32.DLL
0x00000000601b0000 - 0x0000000060282000 	C:\Program Files\Java\jdk1.8.0_241\jre\bin\msvcr100.dll
0x000000005f900000 - 0x00000000601ac000 	C:\Program Files\Java\jdk1.8.0_241\jre\bin\server\jvm.dll
0x00007fff463e0000 - 0x00007fff463e8000 	C:\Windows\System32\PSAPI.DLL
0x00007fff31440000 - 0x00007fff31464000 	C:\Windows\SYSTEM32\WINMM.dll
0x00007fff2eb50000 - 0x00007fff2eb59000 	C:\Windows\SYSTEM32\WSOCK32.dll
0x00007fff39d20000 - 0x00007fff39d2a000 	C:\Windows\SYSTEM32\VERSION.dll
0x00007fff453f0000 - 0x00007fff4545f000 	C:\Windows\System32\WS2_32.dll
0x00007fff312e0000 - 0x00007fff3130d000 	C:\Windows\SYSTEM32\WINMMBASE.dll
0x00007fff43620000 - 0x00007fff4366a000 	C:\Windows\System32\cfgmgr32.dll
0x00007fff365e0000 - 0x00007fff365ef000 	C:\Program Files\Java\jdk1.8.0_241\jre\bin\verify.dll
0x00007fff34200000 - 0x00007fff34229000 	C:\Program Files\Java\jdk1.8.0_241\jre\bin\java.dll
0x00007fff342a0000 - 0x00007fff342b6000 	C:\Program Files\Java\jdk1.8.0_241\jre\bin\zip.dll
0x00007fff44a80000 - 0x00007fff45167000 	C:\Windows\System32\SHELL32.dll
0x00007fff44970000 - 0x00007fff44a19000 	C:\Windows\System32\shcore.dll
0x00007fff437c0000 - 0x00007fff43f40000 	C:\Windows\System32\windows.storage.dll
0x00007fff43530000 - 0x00007fff43553000 	C:\Windows\System32\profapi.dll
0x00007fff435a0000 - 0x00007fff435ea000 	C:\Windows\System32\powrprof.dll
0x00007fff43520000 - 0x00007fff43530000 	C:\Windows\System32\UMPDC.dll
0x00007fff44860000 - 0x00007fff448b2000 	C:\Windows\System32\shlwapi.dll
0x00007fff43580000 - 0x00007fff43591000 	C:\Windows\System32\kernel.appcore.dll
0x00007fff43f40000 - 0x00007fff43f57000 	C:\Windows\System32\cryptsp.dll
0x00007fff34020000 - 0x00007fff3403a000 	C:\Program Files\Java\jdk1.8.0_241\jre\bin\net.dll
0x00007fff42d70000 - 0x00007fff42dd7000 	C:\Windows\system32\mswsock.dll
0x00007fff34000000 - 0x00007fff34012000 	C:\Program Files\Java\jdk1.8.0_241\jre\bin\nio.dll
0x00007fff39550000 - 0x00007fff39577000 	C:\Users\emanu\.gradle\native\9f2fa17c089eee584f3420100432f77ec4c098959e4bf121a4d6054c26537dfb\windows-amd64\native-platform.dll
0x00007fff39a20000 - 0x00007fff39a2d000 	C:\Program Files\Java\jdk1.8.0_241\jre\bin\management.dll
0x00007fff428e0000 - 0x00007fff42913000 	C:\Windows\system32\rsaenh.dll
0x00007fff443c0000 - 0x00007fff443e6000 	C:\Windows\System32\bcrypt.dll
0x00007fff43440000 - 0x00007fff43465000 	C:\Windows\SYSTEM32\USERENV.dll
0x00007fff42f40000 - 0x00007fff42f4c000 	C:\Windows\SYSTEM32\CRYPTBASE.dll
0x00007fff42a80000 - 0x00007fff42aba000 	C:\Windows\SYSTEM32\IPHLPAPI.DLL
0x00007fff448c0000 - 0x00007fff448c8000 	C:\Windows\System32\NSI.dll
0x00007fff39300000 - 0x00007fff39316000 	C:\Windows\SYSTEM32\dhcpcsvc6.DLL
0x00007fff392e0000 - 0x00007fff392fc000 	C:\Windows\SYSTEM32\dhcpcsvc.DLL
0x00007fff42ac0000 - 0x00007fff42b8b000 	C:\Windows\SYSTEM32\DNSAPI.dll
0x00007fff3bc20000 - 0x00007fff3bc2b000 	C:\Windows\SYSTEM32\WINNSI.DLL
0x00007fff08310000 - 0x00007fff084a6000 	C:\Users\emanu\.gradle\native\9f2fa17c089eee584f3420100432f77ec4c098959e4bf121a4d6054c26537dfb\windows-amd64\native-platform-file-events.dll

VM Arguments:
jvm_args: -XX:MaxMetaspaceSize=256m -XX:+HeapDumpOnOutOfMemoryError -Xms256m -Xmx512m -Dfile.encoding=windows-1252 -Duser.country=BR -Duser.language=pt -Duser.variant 
java_command: org.gradle.launcher.daemon.bootstrap.GradleDaemon 6.6.1
java_class_path (initial): C:\Users\emanu\.gradle\wrapper\dists\gradle-6.6.1-bin\du4tvj86lhti6iga1v8h7pckb\gradle-6.6.1\lib\gradle-launcher-6.6.1.jar
Launcher Type: SUN_STANDARD

Environment Variables:
JAVA_HOME=C:\Program Files\Java\jdk1.8.0_241\
PATH=C:\app\emanu\product\18.0.0\dbhomeXE\bin;C:\Program Files (x86)\Common Files\Oracle\Java\javapath;C:\Windows\system32;C:\Windows;C:\Windows\System32\Wbem;C:\Windows\System32\WindowsPowerShell\v1.0\;C:\Windows\System32\OpenSSH\;C:\Program Files (x86)\Intel\Intel(R) Management Engine Components\DAL;C:\Program Files\Intel\Intel(R) Management Engine Components\DAL;C:\Program Files (x86)\NVIDIA Corporation\PhysX\Common;C:\Program Files\NVIDIA Corporation\NVIDIA NvDLISR;C:\Program Files\Microsoft VS Code\bin;C:\Program Files\Git\cmd;D:\OPAH\util\apache-maven-3.6.3\bin;C:\Program Files\Java\jdk1.8.0_241\bin;C:\Program Files\MongoDB\Server\4.2\bin;C:\Program Files\nodejs\;C:\Program Files\PuTTY\;C:\Users\emanu\AppData\Local\Microsoft\WindowsApps;D:\OPAH\util\apache-maven-3.6.3\apache-maven\src\bin;C:\Users\emanu\AppData\Roaming\npm;
USERNAME=emanu
OS=Windows_NT
PROCESSOR_IDENTIFIER=Intel64 Family 6 Model 142 Stepping 12, GenuineIntel



---------------  S Y S T E M  ---------------

OS: Windows 10.0 , 64 bit Build 18362 (10.0.18362.1110)

CPU:total 8 (initial active 8) (4 cores per cpu, 2 threads per core) family 6 model 142 stepping 12, cmov, cx8, fxsr, mmx, sse, sse2, sse3, ssse3, sse4.1, sse4.2, popcnt, avx, avx2, aes, clmul, erms, 3dnowpref, lzcnt, ht, tsc, tscinvbit, bmi1, bmi2, adx

Memory: 4k page, physical 16580004k(3099524k free), swap 30114080k(5760k free)

vm_info: Java HotSpot(TM) 64-Bit Server VM (25.241-b07) for windows-amd64 JRE (1.8.0_241-b07), built on Dec 11 2019 10:21:40 by "rejava" with MS VC++ 10.0 (VS2010)

time: Tue Oct 20 19:50:04 2020
timezone: Hora Padrão da Bahia
elapsed time: 8 seconds (0d 0h 0m 8s)

