#
# There is insufficient memory for the Java Runtime Environment to continue.
# Native memory allocation (malloc) failed to allocate 1048576 bytes for AllocateHeap
# Possible reasons:
#   The system is out of physical RAM or swap space
#   The process is running with CompressedOops enabled, and the Java Heap may be blocking the growth of the native heap
# Possible solutions:
#   Reduce memory load on the system
#   Increase physical memory or swap space
#   Check if swap backing store is full
#   Decrease Java heap size (-Xmx/-Xms)
#   Decrease number of Java threads
#   Decrease Java thread stack sizes (-Xss)
#   Set larger code cache with -XX:ReservedCodeCacheSize=
#   JVM is running with Zero Based Compressed Oops mode in which the Java heap is
#     placed in the first 32GB address space. The Java Heap base address is the
#     maximum limit for the native heap growth. Please use -XX:HeapBaseMinAddress
#     to set the Java Heap base and to place the Java Heap above 32GB virtual address.
# This output file may be truncated or incomplete.
#
#  Out of Memory Error (memory/allocation.inline.hpp:61), pid=23664, tid=0x000000000001391c
#
# JRE version:  (8.0_241-b07) (build )
# Java VM: Java HotSpot(TM) 64-Bit Server VM (25.241-b07 mixed mode windows-amd64 compressed oops)
# Failed to write core dump. Minidumps are not enabled by default on client versions of Windows
#

---------------  T H R E A D  ---------------

Current thread (0x0000000002469800):  JavaThread "Unknown thread" [_thread_in_vm, id=80156, stack(0x0000000002300000,0x0000000002400000)]

Stack: [0x0000000002300000,0x0000000002400000]
[error occurred during error reporting (printing stack bounds), id 0xc0000005]

Native frames: (J=compiled Java code, j=interpreted, Vv=VM code, C=native code)


---------------  P R O C E S S  ---------------

Java Threads: ( => current thread )

Other Threads:

=>0x0000000002469800 (exited) JavaThread "Unknown thread" [_thread_in_vm, id=80156, stack(0x0000000002300000,0x0000000002400000)]

VM state:not at safepoint (normal execution)

VM Mutex/Monitor currently owned by a thread: None

heap address: 0x00000006c3000000, size: 4048 MB, Compressed Oops mode: Zero based, Oop shift amount: 3
Narrow klass base: 0x0000000000000000, Narrow klass shift: 3
Compressed class space size: 1073741824 Address: 0x00000007c0000000

Heap:
 PSYoungGen      total 75776K, used 1300K [0x000000076bb00000, 0x0000000770f80000, 0x00000007c0000000)
  eden space 65024K, 2% used [0x000000076bb00000,0x000000076bc451f8,0x000000076fa80000)
  from space 10752K, 0% used [0x0000000770500000,0x0000000770500000,0x0000000770f80000)
  to   space 10752K, 0% used [0x000000076fa80000,0x000000076fa80000,0x0000000770500000)
 ParOldGen       total 173568K, used 0K [0x00000006c3000000, 0x00000006cd980000, 0x000000076bb00000)
  object space 173568K, 0% used [0x00000006c3000000,0x00000006c3000000,0x00000006cd980000)
 Metaspace       used 787K, capacity 4480K, committed 4480K, reserved 1056768K
  class space    used 76K, capacity 384K, committed 384K, reserved 1048576K

Card table byte_map: [0x0000000011920000,0x0000000012110000] byte_map_base: 0x000000000e308000

Marking Bits: (ParMarkBitMap*) 0x000000006012be30
 Begin Bits: [0x0000000012e60000, 0x0000000016da0000)
 End Bits:   [0x0000000016da0000, 0x000000001ace0000)

Polling page: 0x0000000000500000

CodeCache: size=245760Kb used=328Kb max_used=328Kb free=245431Kb
 bounds [0x0000000002560000, 0x00000000027d0000, 0x0000000011560000]
 total_blobs=58 nmethods=0 adapters=38
 compilation: enabled

Compilation events (0 events):
No events

GC Heap History (0 events):
No events

Deoptimization events (0 events):
No events

Classes redefined (0 events):
No events

Internal exceptions (0 events):
No events

Events (10 events):
Event: 0.031 loading class java/lang/Short
Event: 0.031 loading class java/lang/Short done
Event: 0.031 loading class java/lang/Integer
Event: 0.031 loading class java/lang/Integer done
Event: 0.031 loading class java/lang/Long
Event: 0.031 loading class java/lang/Long done
Event: 0.032 loading class java/lang/NullPointerException
Event: 0.032 loading class java/lang/NullPointerException done
Event: 0.032 loading class java/lang/ArithmeticException
Event: 0.032 loading class java/lang/ArithmeticException done


Dynamic libraries:
0x00007ff6e2ca0000 - 0x00007ff6e2cd7000 	C:\Program Files\Java\jdk1.8.0_241\bin\java.exe
0x00007fff46660000 - 0x00007fff46850000 	C:\Windows\SYSTEM32\ntdll.dll
0x00007fff45ea0000 - 0x00007fff45f52000 	C:\Windows\System32\KERNEL32.DLL
0x00007fff44010000 - 0x00007fff442b5000 	C:\Windows\System32\KERNELBASE.dll
0x00007fff45340000 - 0x00007fff453e3000 	C:\Windows\System32\ADVAPI32.dll
0x00007fff448d0000 - 0x00007fff4496e000 	C:\Windows\System32\msvcrt.dll
0x00007fff45470000 - 0x00007fff45507000 	C:\Windows\System32\sechost.dll
0x00007fff459d0000 - 0x00007fff45af0000 	C:\Windows\System32\RPCRT4.dll
0x00007fff451a0000 - 0x00007fff45334000 	C:\Windows\System32\USER32.dll
0x00007fff435f0000 - 0x00007fff43611000 	C:\Windows\System32\win32u.dll
0x00007fff45510000 - 0x00007fff45536000 	C:\Windows\System32\GDI32.dll
0x00007fff44450000 - 0x00007fff445e6000 	C:\Windows\System32\gdi32full.dll
0x00007fff44670000 - 0x00007fff4470e000 	C:\Windows\System32\msvcp_win.dll
0x00007fff442c0000 - 0x00007fff443ba000 	C:\Windows\System32\ucrtbase.dll
0x00007fff32a50000 - 0x00007fff32cd4000 	C:\Windows\WinSxS\amd64_microsoft.windows.common-controls_6595b64144ccf1df_6.0.18362.1139_none_9e7bf2d3e4605ac6\COMCTL32.dll
0x00007fff45b60000 - 0x00007fff45e95000 	C:\Windows\System32\combase.dll
0x00007fff445f0000 - 0x00007fff44670000 	C:\Windows\System32\bcryptPrimitives.dll
0x00007fff45170000 - 0x00007fff4519e000 	C:\Windows\System32\IMM32.DLL
0x00000000601b0000 - 0x0000000060282000 	C:\Program Files\Java\jdk1.8.0_241\jre\bin\msvcr100.dll
0x000000005f900000 - 0x00000000601ac000 	C:\Program Files\Java\jdk1.8.0_241\jre\bin\server\jvm.dll
0x00007fff463e0000 - 0x00007fff463e8000 	C:\Windows\System32\PSAPI.DLL
0x00007fff31440000 - 0x00007fff31464000 	C:\Windows\SYSTEM32\WINMM.dll
0x00007fff39d20000 - 0x00007fff39d2a000 	C:\Windows\SYSTEM32\VERSION.dll
0x00007fff2eb50000 - 0x00007fff2eb59000 	C:\Windows\SYSTEM32\WSOCK32.dll
0x00007fff453f0000 - 0x00007fff4545f000 	C:\Windows\System32\WS2_32.dll
0x00007fff312e0000 - 0x00007fff3130d000 	C:\Windows\SYSTEM32\WINMMBASE.dll
0x00007fff43620000 - 0x00007fff4366a000 	C:\Windows\System32\cfgmgr32.dll
0x00007fff39550000 - 0x00007fff3955f000 	C:\Program Files\Java\jdk1.8.0_241\jre\bin\verify.dll
0x00007fff33e50000 - 0x00007fff33e79000 	C:\Program Files\Java\jdk1.8.0_241\jre\bin\java.dll
0x00007fff33ba0000 - 0x00007fff33bd5000 	C:\Program Files\Java\jdk1.8.0_241\jre\bin\jdwp.dll
0x00007fff38d00000 - 0x00007fff38d08000 	C:\Program Files\Java\jdk1.8.0_241\jre\bin\npt.dll
0x00007fff33db0000 - 0x00007fff33dc6000 	C:\Program Files\Java\jdk1.8.0_241\jre\bin\zip.dll

VM Arguments:
jvm_args: -agentlib:jdwp=transport=dt_socket,server=n,suspend=y,address=57408 -Dfile.encoding=windows-1252 -Duser.country=BR -Duser.language=pt -Duser.variant 
java_command: br.com.eds.ecomerce.api.EcomerceApplication
java_class_path (initial): D:\Cursos\Udemy\ecomerce\build\classes\java\main;D:\Cursos\Udemy\ecomerce\build\resources\main;C:\Users\emanu\.gradle\caches\modules-2\files-2.1\io.springfox\springfox-swagger2\2.6.1\73c3a70ec0b10b61c8eb9ef1659131cd78dbbd82\springfox-swagger2-2.6.1.jar;C:\Users\emanu\.gradle\caches\modules-2\files-2.1\io.springfox\springfox-swagger-ui\2.6.1\4c854c86c91ab36c86fc1a63571a0614c2ea9ab2\springfox-swagger-ui-2.6.1.jar;C:\Users\emanu\.gradle\caches\modules-2\files-2.1\org.ehcache\ehcache\3.1.0\95ed9af94a27c3100a3c61020d0564a7d3395c0a\ehcache-3.1.0.jar;C:\Users\emanu\.gradle\caches\modules-2\files-2.1\com.h2database\h2\1.4.200\f7533fe7cb8e99c87a43d325a77b4b678ad9031a\h2-1.4.200.jar;C:\Users\emanu\.gradle\caches\modules-2\files-2.1\org.springframework.boot\spring-boot-devtools\2.2.1.RELEASE\7bff398995dc4fa458441f4bf7673981dfedc6de\spring-boot-devtools-2.2.1.RELEASE.jar;C:\Users\emanu\.gradle\caches\modules-2\files-2.1\org.springframework.boot\spring-boot-starter-data-jpa\2.2.1.RELEASE\dace86df26aaec8a948ffacd7d46d11c366af527\spring-boot-starter-data-jpa-2.2.1.RELEASE.jar;C:\Users\emanu\.gradle\caches\modules-2\files-2.1\org.springframework.boot\spring-boot-starter-security\2.2.1.RELEASE\e4da6523a76cf59308214a0f76be61ad8659afb7\spring-boot-starter-security-2.2.1.RELEASE.jar;C:\Users\emanu\.gradle\caches\modules-2\files-2.1\org.springframework.boot\spring-boot-starter-web\2.2.1.RELEASE\689213aca6e25e2aa9b377e61273aa3d31f30f60\spring-boot-starter-web-2.2.1.RELEASE.jar;C:\Users\emanu\.gradle\caches\modules-2\files-2.1\org.springframework.boot\spring-boot-starter-validation\2.2.1.RELEASE\ea5bd9055951afe28f64a96524bfd0bf0d362313\spring-boot-starter-validation-2.2.1.RELEASE.jar;C:\Users\emanu\.gradle\caches\modules-2\files-2.1\org.springframework.boot\spring-boot-starter-aop\2.2.1.RELEASE\f5f9988e816634100840c7f570763ea7e5e907d9\spring-boot-starter-aop-2.2.1.RELEASE.jar;C:\Users\emanu\.gradle\caches\modules-2\files-2.1\org.springframework.boot\spring-boo
Launcher Type: SUN_STANDARD

Environment Variables:
JAVA_HOME=C:\Program Files\Java\jdk1.8.0_241\
PATH=C:\app\emanu\product\18.0.0\dbhomeXE\bin;C:\Program Files (x86)\Common Files\Oracle\Java\javapath;C:\Windows\system32;C:\Windows;C:\Windows\System32\Wbem;C:\Windows\System32\WindowsPowerShell\v1.0\;C:\Windows\System32\OpenSSH\;C:\Program Files (x86)\Intel\Intel(R) Management Engine Components\DAL;C:\Program Files\Intel\Intel(R) Management Engine Components\DAL;C:\Program Files (x86)\NVIDIA Corporation\PhysX\Common;C:\Program Files\NVIDIA Corporation\NVIDIA NvDLISR;C:\Program Files\Microsoft VS Code\bin;C:\Program Files\Git\cmd;D:\OPAH\util\apache-maven-3.6.3\bin;C:\Program Files\Java\jdk1.8.0_241\bin;C:\Program Files\MongoDB\Server\4.2\bin;C:\Program Files\nodejs\;C:\Program Files\PuTTY\;C:\Users\emanu\AppData\Local\Microsoft\WindowsApps;D:\OPAH\util\apache-maven-3.6.3\apache-maven\src\bin;C:\Users\emanu\AppData\Roaming\npm;
USERNAME=emanu
OS=Windows_NT
PROCESSOR_IDENTIFIER=Intel64 Family 6 Model 142 Stepping 12, GenuineIntel



---------------  S Y S T E M  ---------------

OS: Windows 10.0 , 64 bit Build 18362 (10.0.18362.1110)

CPU:total 8 (initial active 8) (4 cores per cpu, 2 threads per core) family 6 model 142 stepping 12, cmov, cx8, fxsr, mmx, sse, sse2, sse3, ssse3, sse4.1, sse4.2, popcnt, avx, avx2, aes, clmul, erms, 3dnowpref, lzcnt, ht, tsc, tscinvbit, bmi1, bmi2, adx

Memory: 4k page, physical 16580004k(4167772k free), swap 30114080k(5732k free)

vm_info: Java HotSpot(TM) 64-Bit Server VM (25.241-b07) for windows-amd64 JRE (1.8.0_241-b07), built on Dec 11 2019 10:21:40 by "rejava" with MS VC++ 10.0 (VS2010)

time: Thu Oct 22 13:58:47 2020
timezone: Hora Padrão da Bahia
elapsed time: 0 seconds (0d 0h 0m 0s)

